This is pdfTeX, Version 3.14159265-2.6-1.40.20 (MiKTeX 2.9.7250 64-bit) (preloaded format=pdflatex 2020.8.17)  15 MAY 2021 17:11
entering extended mode
**./2021.05.15_Nursing_Home_draft.tex
(2021.05.15_Nursing_Home_draft.tex
LaTeX2e <2019-10-01> patch level 3
("C:\Users\laure\AppData\Local\Programs\MiKTeX 2.9\tex/latex/base\article.cls"
Document Class: article 2019/10/25 v1.4k Standard LaTeX document class
("C:\Users\laure\AppData\Local\Programs\MiKTeX 2.9\tex/latex/base\size10.clo"
File: size10.clo 2019/10/25 v1.4k Standard LaTeX file (size option)
)
\c@part=\count80
\c@section=\count81
\c@subsection=\count82
\c@subsubsection=\count83
\c@paragraph=\count84
\c@subparagraph=\count85
\c@figure=\count86
\c@table=\count87
\abovecaptionskip=\skip41
\belowcaptionskip=\skip42
\bibindent=\dimen102
) ("C:\Users\laure\AppData\Local\Programs\MiKTeX 2.9\tex/latex/lipsum\lipsum.st
y"
("C:\Users\laure\AppData\Local\Programs\MiKTeX 2.9\tex/latex/l3kernel\expl3.sty
"
Package: expl3 2019-11-07 L3 programming layer (loader) 

("C:\Users\laure\AppData\Local\Programs\MiKTeX 2.9\tex/latex/l3kernel\expl3-cod
e.tex"
Package: expl3 2019-11-07 L3 programming layer (code)
\c_max_int=\count88
\l_tmpa_int=\count89
\l_tmpb_int=\count90
\g_tmpa_int=\count91
\g_tmpb_int=\count92
\l__seq_internal_a_int=\count93
\l__seq_internal_b_int=\count94
\g__kernel_prg_map_int=\count95
\c__ior_term_noprompt_ior=\count96
\c_log_iow=\count97
\l_iow_line_count_int=\count98
\l__iow_line_target_int=\count99
\l__iow_one_indent_int=\count100
\l__iow_indent_int=\count101
\c_zero_dim=\dimen103
\c_max_dim=\dimen104
\l_tmpa_dim=\dimen105
\l_tmpb_dim=\dimen106
\g_tmpa_dim=\dimen107
\g_tmpb_dim=\dimen108
\c_zero_skip=\skip43
\c_max_skip=\skip44
\l_tmpa_skip=\skip45
\l_tmpb_skip=\skip46
\g_tmpa_skip=\skip47
\g_tmpb_skip=\skip48
\c_zero_muskip=\muskip10
\c_max_muskip=\muskip11
\l_tmpa_muskip=\muskip12
\l_tmpb_muskip=\muskip13
\g_tmpa_muskip=\muskip14
\g_tmpb_muskip=\muskip15
\l_keys_choice_int=\count102
\l__intarray_loop_int=\count103
\c__intarray_sp_dim=\dimen109
\g__intarray_font_int=\count104
\c__fp_leading_shift_int=\count105
\c__fp_middle_shift_int=\count106
\c__fp_trailing_shift_int=\count107
\c__fp_big_leading_shift_int=\count108
\c__fp_big_middle_shift_int=\count109
\c__fp_big_trailing_shift_int=\count110
\c__fp_Bigg_leading_shift_int=\count111
\c__fp_Bigg_middle_shift_int=\count112
\c__fp_Bigg_trailing_shift_int=\count113
\c__kernel_randint_max_int=\count114
\g__fp_array_int=\count115
\l__fp_array_loop_int=\count116
\l__sort_length_int=\count117
\l__sort_min_int=\count118
\l__sort_top_int=\count119
\l__sort_max_int=\count120
\l__sort_true_max_int=\count121
\l__sort_block_int=\count122
\l__sort_begin_int=\count123
\l__sort_end_int=\count124
\l__sort_A_int=\count125
\l__sort_B_int=\count126
\l__sort_C_int=\count127
\l__str_internal_int=\count128
\c__str_replacement_char_int=\count129
\l__tl_analysis_normal_int=\count130
\l__tl_analysis_index_int=\count131
\l__tl_analysis_nesting_int=\count132
\l__tl_analysis_type_int=\count133
\l__regex_internal_a_int=\count134
\l__regex_internal_b_int=\count135
\l__regex_internal_c_int=\count136
\l__regex_balance_int=\count137
\l__regex_group_level_int=\count138
\l__regex_mode_int=\count139
\c__regex_cs_in_class_mode_int=\count140
\c__regex_cs_mode_int=\count141
\l__regex_catcodes_int=\count142
\l__regex_default_catcodes_int=\count143
\c__regex_catcode_D_int=\count144
\c__regex_catcode_S_int=\count145
\c__regex_catcode_L_int=\count146
\c__regex_catcode_O_int=\count147
\c__regex_catcode_A_int=\count148
\c__regex_all_catcodes_int=\count149
\l__regex_show_lines_int=\count150
\l__regex_min_state_int=\count151
\l__regex_max_state_int=\count152
\l__regex_left_state_int=\count153
\l__regex_right_state_int=\count154
\l__regex_capturing_group_int=\count155
\l__regex_min_pos_int=\count156
\l__regex_max_pos_int=\count157
\l__regex_curr_pos_int=\count158
\l__regex_start_pos_int=\count159
\l__regex_success_pos_int=\count160
\l__regex_curr_char_int=\count161
\l__regex_curr_catcode_int=\count162
\l__regex_last_char_int=\count163
\l__regex_case_changed_char_int=\count164
\l__regex_curr_state_int=\count165
\l__regex_step_int=\count166
\l__regex_min_active_int=\count167
\l__regex_max_active_int=\count168
\l__regex_replacement_csnames_int=\count169
\l__regex_match_count_int=\count170
\l__regex_min_submatch_int=\count171
\l__regex_submatch_int=\count172
\l__regex_zeroth_submatch_int=\count173
\g__regex_trace_regex_int=\count174
\c_empty_box=\box27
\l_tmpa_box=\box28
\l_tmpb_box=\box29
\g_tmpa_box=\box30
\g_tmpb_box=\box31
\l__box_top_dim=\dimen110
\l__box_bottom_dim=\dimen111
\l__box_left_dim=\dimen112
\l__box_right_dim=\dimen113
\l__box_top_new_dim=\dimen114
\l__box_bottom_new_dim=\dimen115
\l__box_left_new_dim=\dimen116
\l__box_right_new_dim=\dimen117
\l__box_internal_box=\box32
\l__coffin_internal_box=\box33
\l__coffin_internal_dim=\dimen118
\l__coffin_offset_x_dim=\dimen119
\l__coffin_offset_y_dim=\dimen120
\l__coffin_x_dim=\dimen121
\l__coffin_y_dim=\dimen122
\l__coffin_x_prime_dim=\dimen123
\l__coffin_y_prime_dim=\dimen124
\c_empty_coffin=\box34
\l__coffin_aligned_coffin=\box35
\l__coffin_aligned_internal_coffin=\box36
\l_tmpa_coffin=\box37
\l_tmpb_coffin=\box38
\g_tmpa_coffin=\box39
\g_tmpb_coffin=\box40
\l__coffin_bounding_shift_dim=\dimen125
\l__coffin_left_corner_dim=\dimen126
\l__coffin_right_corner_dim=\dimen127
\l__coffin_bottom_corner_dim=\dimen128
\l__coffin_top_corner_dim=\dimen129
\l__coffin_scaled_total_height_dim=\dimen130
\l__coffin_scaled_width_dim=\dimen131
\c__coffin_empty_coffin=\box41
\l__coffin_display_coffin=\box42
\l__coffin_display_coord_coffin=\box43
\l__coffin_display_pole_coffin=\box44
\l__coffin_display_offset_dim=\dimen132
\l__coffin_display_x_dim=\dimen133
\l__coffin_display_y_dim=\dimen134
\g__char_data_ior=\read1

("C:\Users\laure\AppData\Local\Programs\MiKTeX 2.9\tex/latex/l3kernel\l3depreca
tion.def"
File: l3deprecation.def 2019-04-06 v L3 Deprecated functions
))
("C:\Users\laure\AppData\Local\Programs\MiKTeX 2.9\tex/latex/l3backend\l3backen
d-pdfmode.def"
File: l3backend-pdfmode.def 2019-04-06 L3 backend support: PDF mode
\l__kernel_color_stack_int=\count175
\l__pdf_internal_box=\box45
))
("C:\Users\laure\AppData\Local\Programs\MiKTeX 2.9\tex/latex/l3packages/xparse\
xparse.sty"
Package: xparse 2019-10-11 L3 Experimental document command parser
\l__xparse_current_arg_int=\count176
\g__xparse_grabber_int=\count177
\l__xparse_m_args_int=\count178
\l__xparse_v_nesting_int=\count179
)
Package: lipsum 2021-03-03 v2.3 150 paragraphs of Lorem Ipsum dummy text

("C:\Users\laure\AppData\Local\Programs\MiKTeX 2.9\tex/latex/lipsum\lipsum.ltd.
tex"
File: lipsum.ltd.tex 2021-03-03 v2.3 The Lorem ipsum dummy text
))
("C:\Users\laure\AppData\Local\Programs\MiKTeX 2.9\tex/latex/psnfss\mathpazo.st
y"
Package: mathpazo 2020/03/25 PSNFSS-v9.3 Palatino w/ Pazo Math (D.Puga, WaS) 
\symupright=\mathgroup4
)
("C:\Users\laure\AppData\Local\Programs\MiKTeX 2.9\tex/latex/base\fontenc.sty"
Package: fontenc 2018/08/11 v2.0j Standard LaTeX package

("C:\Users\laure\AppData\Local\Programs\MiKTeX 2.9\tex/latex/base\t1enc.def"
File: t1enc.def 2018/08/11 v2.0j Standard LaTeX file
LaTeX Font Info:    Redeclaring font encoding T1 on input line 48.
))
("C:\Users\laure\AppData\Local\Programs\MiKTeX 2.9\tex/latex/microtype\microtyp
e.sty"
Package: microtype 2021/03/14 v2.8c Micro-typographical refinements (RS)

("C:\Users\laure\AppData\Local\Programs\MiKTeX 2.9\tex/latex/graphics\keyval.st
y"
Package: keyval 2014/10/28 v1.15 key=value parser (DPC)
\KV@toks@=\toks14
)
\MT@toks=\toks15
\MT@count=\count180
LaTeX Info: Redefining \textls on input line 790.
\MT@outer@kern=\dimen135
LaTeX Info: Redefining \textmicrotypecontext on input line 1374.
\MT@listname@count=\count181

("C:\Users\laure\AppData\Local\Programs\MiKTeX 2.9\tex/latex/microtype\microtyp
e-pdftex.def"
File: microtype-pdftex.def 2021/03/14 v2.8c Definitions specific to pdftex (RS)

LaTeX Info: Redefining \lsstyle on input line 915.
LaTeX Info: Redefining \lslig on input line 915.
\MT@outer@space=\skip49
)
Package microtype Info: Loading configuration file microtype.cfg.

("C:\Users\laure\AppData\Local\Programs\MiKTeX 2.9\tex/latex/microtype\microtyp
e.cfg"
File: microtype.cfg 2021/03/14 v2.8c microtype main configuration file (RS)
))
("C:\Users\laure\AppData\Local\Programs\MiKTeX 2.9\tex/latex/geometry\geometry.
sty"
Package: geometry 2020/01/02 v5.9 Page Geometry

("C:\Users\laure\AppData\Local\Programs\MiKTeX 2.9\tex/generic/iftex\ifvtex.sty
"
Package: ifvtex 2019/10/25 v1.7 ifvtex legacy package. Use iftex instead.
 ("C:\Users\laure\AppData\Local\Programs\MiKTeX 2.9\tex/generic/iftex\iftex.sty
"
Package: iftex 2019/11/07 v1.0c TeX engine tests
))
\Gm@cnth=\count182
\Gm@cntv=\count183
\c@Gm@tempcnt=\count184
\Gm@bindingoffset=\dimen136
\Gm@wd@mp=\dimen137
\Gm@odd@mp=\dimen138
\Gm@even@mp=\dimen139
\Gm@layoutwidth=\dimen140
\Gm@layoutheight=\dimen141
\Gm@layouthoffset=\dimen142
\Gm@layoutvoffset=\dimen143
\Gm@dimlist=\toks16

("C:\Users\laure\AppData\Local\Programs\MiKTeX 2.9\tex/latex/geometry\geometry.
cfg"))
("C:\Users\laure\AppData\Local\Programs\MiKTeX 2.9\tex/latex/tools\multicol.sty
"
Package: multicol 2019/03/01 v1.8w multicolumn formatting (FMi)
\c@tracingmulticols=\count185
\mult@box=\box46
\multicol@leftmargin=\dimen144
\c@unbalance=\count186
\c@collectmore=\count187
\doublecol@number=\count188
\multicoltolerance=\count189
\multicolpretolerance=\count190
\full@width=\dimen145
\page@free=\dimen146
\premulticols=\dimen147
\postmulticols=\dimen148
\multicolsep=\skip50
\multicolbaselineskip=\skip51
\partial@page=\box47
\last@line=\box48
\maxbalancingoverflow=\dimen149
\mult@rightbox=\box49
\mult@grightbox=\box50
\mult@gfirstbox=\box51
\mult@firstbox=\box52
\@tempa=\box53
\@tempa=\box54
\@tempa=\box55
\@tempa=\box56
\@tempa=\box57
\@tempa=\box58
\@tempa=\box59
\@tempa=\box60
\@tempa=\box61
\@tempa=\box62
\@tempa=\box63
\@tempa=\box64
\@tempa=\box65
\@tempa=\box66
\@tempa=\box67
\@tempa=\box68
\@tempa=\box69
\c@minrows=\count191
\c@columnbadness=\count192
\c@finalcolumnbadness=\count193
\last@try=\dimen150
\multicolovershoot=\dimen151
\multicolundershoot=\dimen152
\mult@nat@firstbox=\box70
\colbreak@box=\box71
\mc@col@check@num=\count194
)
("C:\Users\laure\AppData\Local\Programs\MiKTeX 2.9\tex/latex/caption\caption.st
y"
Package: caption 2020/10/26 v3.5g Customizing captions (AR)

("C:\Users\laure\AppData\Local\Programs\MiKTeX 2.9\tex/latex/caption\caption3.s
ty"
Package: caption3 2020/10/21 v2.2e caption3 kernel (AR)
\captionmargin=\dimen153
\captionmargin@=\dimen154
\captionwidth=\dimen155
\caption@tempdima=\dimen156
\caption@indent=\dimen157
\caption@parindent=\dimen158
\caption@hangindent=\dimen159
Package caption Info: Standard document class detected.
)
\c@caption@flags=\count195
\c@continuedfloat=\count196
)
("C:\Users\laure\AppData\Local\Programs\MiKTeX 2.9\tex/latex/booktabs\booktabs.
sty"
Package: booktabs 2020/01/12 v1.61803398 Publication quality tables
\heavyrulewidth=\dimen160
\lightrulewidth=\dimen161
\cmidrulewidth=\dimen162
\belowrulesep=\dimen163
\belowbottomsep=\dimen164
\aboverulesep=\dimen165
\abovetopsep=\dimen166
\cmidrulesep=\dimen167
\cmidrulekern=\dimen168
\defaultaddspace=\dimen169
\@cmidla=\count197
\@cmidlb=\count198
\@aboverulesep=\dimen170
\@belowrulesep=\dimen171
\@thisruleclass=\count199
\@lastruleclass=\count266
\@thisrulewidth=\dimen172
)
("C:\Users\laure\AppData\Local\Programs\MiKTeX 2.9\tex/latex/float\float.sty"
Package: float 2001/11/08 v1.3d Float enhancements (AL)
\c@float@type=\count267
\float@exts=\toks17
\float@box=\box72
\@float@everytoks=\toks18
\@floatcapt=\box73
)
("C:\Users\laure\AppData\Local\Programs\MiKTeX 2.9\tex/latex/hyperref\hyperref.
sty"
Package: hyperref 2019/11/10 v7.00c Hypertext links for LaTeX

("C:\Users\laure\AppData\Local\Programs\MiKTeX 2.9\tex/generic/oberdiek\ltxcmds
.sty"
Package: ltxcmds 2016/05/16 v1.23 LaTeX kernel commands for general use (HO)
)
("C:\Users\laure\AppData\Local\Programs\MiKTeX 2.9\tex/latex/pdftexcmds\pdftexc
mds.sty"
Package: pdftexcmds 2019/11/24 v0.31 Utility functions of pdfTeX for LuaTeX (HO
)

("C:\Users\laure\AppData\Local\Programs\MiKTeX 2.9\tex/generic/infwarerr\infwar
err.sty"
Package: infwarerr 2019/12/03 v1.5 Providing info/warning/error messages (HO)
)
Package pdftexcmds Info: \pdf@primitive is available.
Package pdftexcmds Info: \pdf@ifprimitive is available.
Package pdftexcmds Info: \pdfdraftmode found.
)
("C:\Users\laure\AppData\Local\Programs\MiKTeX 2.9\tex/generic/oberdiek\kvsetke
ys.sty"
Package: kvsetkeys 2016/05/16 v1.17 Key value parser (HO)

("C:\Users\laure\AppData\Local\Programs\MiKTeX 2.9\tex/generic/oberdiek\etexcmd
s.sty"
Package: etexcmds 2016/05/16 v1.6 Avoid name clashes with e-TeX commands (HO)

("C:\Users\laure\AppData\Local\Programs\MiKTeX 2.9\tex/generic/iftex\ifluatex.s
ty"
Package: ifluatex 2019/10/25 v1.5 ifluatex legacy package. Use iftex instead.
)))
("C:\Users\laure\AppData\Local\Programs\MiKTeX 2.9\tex/generic/oberdiek\kvdefin
ekeys.sty"
Package: kvdefinekeys 2016/05/16 v1.4 Define keys (HO)
)
("C:\Users\laure\AppData\Local\Programs\MiKTeX 2.9\tex/generic/pdfescape\pdfesc
ape.sty"
Package: pdfescape 2019/12/09 v1.15 Implements pdfTeX's escape features (HO)
)
("C:\Users\laure\AppData\Local\Programs\MiKTeX 2.9\tex/latex/oberdiek\hycolor.s
ty"
Package: hycolor 2016/05/16 v1.8 Color options for hyperref/bookmark (HO)

("C:\Users\laure\AppData\Local\Programs\MiKTeX 2.9\tex/latex/oberdiek\xcolor-pa
tch.sty"
Package: xcolor-patch 2016/05/16 xcolor patch

("C:\Users\laure\AppData\Local\Programs\MiKTeX 2.9\tex/latex/oberdiek\hopatch.s
ty"
Package: hopatch 2016/05/16 v1.3 Wrapper for package hooks (HO)
)))
("C:\Users\laure\AppData\Local\Programs\MiKTeX 2.9\tex/latex/letltxmacro\letltx
macro.sty"
Package: letltxmacro 2019/12/03 v1.6 Let assignment for LaTeX macros (HO)
)
("C:\Users\laure\AppData\Local\Programs\MiKTeX 2.9\tex/latex/oberdiek\auxhook.s
ty"
Package: auxhook 2016/05/16 v1.4 Hooks for auxiliary files (HO)
)
("C:\Users\laure\AppData\Local\Programs\MiKTeX 2.9\tex/latex/kvoptions\kvoption
s.sty"
Package: kvoptions 2020-10-07 v3.14 Key value format for package options (HO)
)
\@linkdim=\dimen173
\Hy@linkcounter=\count268
\Hy@pagecounter=\count269

("C:\Users\laure\AppData\Local\Programs\MiKTeX 2.9\tex/latex/hyperref\pd1enc.de
f"
File: pd1enc.def 2019/11/10 v7.00c Hyperref: PDFDocEncoding definition (HO)
Now handling font encoding PD1 ...
... no UTF-8 mapping file for font encoding PD1
)
("C:\Users\laure\AppData\Local\Programs\MiKTeX 2.9\tex/generic/oberdiek\intcalc
.sty"
Package: intcalc 2016/05/16 v1.2 Expandable calculations with integers (HO)
)
\Hy@SavedSpaceFactor=\count270

("C:\Users\laure\AppData\Local\Programs\MiKTeX 2.9\tex/latex/00miktex\hyperref.
cfg"
File: hyperref.cfg 2002/06/06 v1.2 hyperref configuration of TeXLive
)
Package hyperref Info: Hyper figures OFF on input line 4535.
Package hyperref Info: Link nesting OFF on input line 4540.
Package hyperref Info: Hyper index ON on input line 4543.
Package hyperref Info: Plain pages OFF on input line 4550.
Package hyperref Info: Backreferencing OFF on input line 4555.
Package hyperref Info: Implicit mode ON; LaTeX internals redefined.
Package hyperref Info: Bookmarks ON on input line 4788.
\c@Hy@tempcnt=\count271
 ("C:\Users\laure\AppData\Local\Programs\MiKTeX 2.9\tex/latex/url\url.sty"
\Urlmuskip=\muskip16
Package: url 2013/09/16  ver 3.4  Verb mode for urls, etc.
)
LaTeX Info: Redefining \url on input line 5147.
\XeTeXLinkMargin=\dimen174

("C:\Users\laure\AppData\Local\Programs\MiKTeX 2.9\tex/generic/bitset\bitset.st
y"
Package: bitset 2019/12/09 v1.3 Handle bit-vector datatype (HO)

("C:\Users\laure\AppData\Local\Programs\MiKTeX 2.9\tex/generic/oberdiek\bigintc
alc.sty"
Package: bigintcalc 2016/05/16 v1.4 Expandable calculations on big integers (HO
)
))
\Fld@menulength=\count272
\Field@Width=\dimen175
\Fld@charsize=\dimen176
Package hyperref Info: Hyper figures OFF on input line 6418.
Package hyperref Info: Link nesting OFF on input line 6423.
Package hyperref Info: Hyper index ON on input line 6426.
Package hyperref Info: backreferencing OFF on input line 6433.
Package hyperref Info: Link coloring OFF on input line 6438.
Package hyperref Info: Link coloring with OCG OFF on input line 6443.
Package hyperref Info: PDF/A mode OFF on input line 6448.
LaTeX Info: Redefining \ref on input line 6488.
LaTeX Info: Redefining \pageref on input line 6492.

("C:\Users\laure\AppData\Local\Programs\MiKTeX 2.9\tex/generic/atbegshi\atbegsh
i.sty"
Package: atbegshi 2019/12/05 v1.19 At begin shipout hook (HO)
)
\Hy@abspage=\count273
\c@Item=\count274
\c@Hfootnote=\count275
)
Package hyperref Info: Driver (autodetected): hpdftex.

("C:\Users\laure\AppData\Local\Programs\MiKTeX 2.9\tex/latex/hyperref\hpdftex.d
ef"
File: hpdftex.def 2019/11/10 v7.00c Hyperref driver for pdfTeX

("C:\Users\laure\AppData\Local\Programs\MiKTeX 2.9\tex/latex/atveryend\atveryen
d.sty"
Package: atveryend 2019-12-11 v1.11 Hooks at the very end of document (HO)
Package atveryend Info: \enddocument detected (standard20110627).
)
\Fld@listcount=\count276
\c@bookmark@seq@number=\count277

("C:\Users\laure\AppData\Local\Programs\MiKTeX 2.9\tex/latex/rerunfilecheck\rer
unfilecheck.sty"
Package: rerunfilecheck 2019/12/05 v1.9 Rerun checks for auxiliary files (HO)

("C:\Users\laure\AppData\Local\Programs\MiKTeX 2.9\tex/generic/oberdiek\uniquec
ounter.sty"
Package: uniquecounter 2016/05/16 v1.3 Provide unlimited unique counter (HO)
)
Package uniquecounter Info: New unique counter `rerunfilecheck' on input line 2
86.
)
\Hy@SectionHShift=\skip52
)
("C:\Users\laure\AppData\Local\Programs\MiKTeX 2.9\tex/latex/graphics\graphicx.
sty"
Package: graphicx 2017/06/01 v1.1a Enhanced LaTeX Graphics (DPC,SPQR)

("C:\Users\laure\AppData\Local\Programs\MiKTeX 2.9\tex/latex/graphics\graphics.
sty"
Package: graphics 2019/11/01 v1.3d Standard LaTeX Graphics (DPC,SPQR)

("C:\Users\laure\AppData\Local\Programs\MiKTeX 2.9\tex/latex/graphics\trig.sty"
Package: trig 2016/01/03 v1.10 sin cos tan (DPC)
)
("C:\Users\laure\AppData\Local\Programs\MiKTeX 2.9\tex/latex/graphics-cfg\graph
ics.cfg"
File: graphics.cfg 2016/06/04 v1.11 sample graphics configuration
)
Package graphics Info: Driver file: pdftex.def on input line 105.

("C:\Users\laure\AppData\Local\Programs\MiKTeX 2.9\tex/latex/graphics-def\pdfte
x.def"
File: pdftex.def 2018/01/08 v1.0l Graphics/color driver for pdftex
))
\Gin@req@height=\dimen177
\Gin@req@width=\dimen178
)
("C:\Users\laure\AppData\Local\Programs\MiKTeX 2.9\tex/latex/lettrine\lettrine.
sty"
File: lettrine.sty 2020-03-14 v2.23 (Daniel Flipo)

("C:\Users\laure\AppData\Local\Programs\MiKTeX 2.9\tex/generic/minifp\minifp.st
y"
Package: minifp 2013/12/30 v0.96. Macros for real number operations and a stack
-based programing language.
\MFP@loopctr=\count278
)
\c@DefaultLines=\count279
\c@DefaultDepth=\count280
\DefaultFindent=\dimen179
\DefaultNindent=\dimen180
\DefaultSlope=\dimen181
\DiscardVskip=\dimen182
\L@lbox=\box74
\L@tbox=\box75
\c@L@lines=\count281
\c@L@depth=\count282
\L@Pindent=\dimen183
\L@Findent=\dimen184
\L@Nindent=\dimen185
\L@lraise=\dimen186
\L@first=\dimen187
\L@next=\dimen188
\L@slope=\dimen189
\L@height=\dimen190
\L@novskip=\dimen191
\L@target@ht=\dimen192
\L@target@dp=\dimen193
\L@target@tht=\dimen194
\LettrineWidth=\dimen195
\LettrineHeight=\dimen196
\LettrineDepth=\dimen197
\Llist@everypar=\toks19

Loading lettrine.cfg

("C:\Users\laure\AppData\Local\Programs\MiKTeX 2.9\tex/latex/lettrine\lettrine.
cfg"))
("C:\Users\laure\AppData\Local\Programs\MiKTeX 2.9\tex/latex/paralist\paralist.
sty"
Package: paralist 2017/01/22 v2.7 Extended list environments
\pltopsep=\skip53
\plpartopsep=\skip54
\plitemsep=\skip55
\plparsep=\skip56
\pl@lab=\toks20
)
("C:\Users\laure\AppData\Local\Programs\MiKTeX 2.9\tex/latex/abstract\abstract.
sty"
Package: abstract 2009/06/08 v1.2a configurable abstracts
\abstitleskip=\skip57
\absleftindent=\skip58
\absrightindent=\skip59
\absparindent=\skip60
\absparsep=\skip61
)
("C:\Users\laure\AppData\Local\Programs\MiKTeX 2.9\tex/latex/titlesec\titlesec.
sty"
Package: titlesec 2019/10/16 v2.13 Sectioning titles
\ttl@box=\box76
\beforetitleunit=\skip62
\aftertitleunit=\skip63
\ttl@plus=\dimen198
\ttl@minus=\dimen199
\ttl@toksa=\toks21
\titlewidth=\dimen256
\titlewidthlast=\dimen257
\titlewidthfirst=\dimen258
)
("C:\Users\laure\AppData\Local\Programs\MiKTeX 2.9\tex/latex/fancyhdr\fancyhdr.
sty"
Package: fancyhdr 2021/01/28 v4.0.1 Extensive control of page headers and foote
rs
\f@nch@headwidth=\skip64
\f@nch@O@elh=\skip65
\f@nch@O@erh=\skip66
\f@nch@O@olh=\skip67
\f@nch@O@orh=\skip68
\f@nch@O@elf=\skip69
\f@nch@O@erf=\skip70
\f@nch@O@olf=\skip71
\f@nch@O@orf=\skip72
) (2021.05.15_Nursing_Home_draft.aux

LaTeX Warning: Label `fig:images/usa_daily_second_doses_unprocessedLabel' multi
ply defined.

)
\openout1 = `2021.05.15_Nursing_Home_draft.aux'.

LaTeX Font Info:    Checking defaults for OML/cmm/m/it on input line 77.
LaTeX Font Info:    ... okay on input line 77.
LaTeX Font Info:    Checking defaults for T1/cmr/m/n on input line 77.
LaTeX Font Info:    ... okay on input line 77.
LaTeX Font Info:    Checking defaults for OT1/cmr/m/n on input line 77.
LaTeX Font Info:    ... okay on input line 77.
LaTeX Font Info:    Checking defaults for OMS/cmsy/m/n on input line 77.
LaTeX Font Info:    ... okay on input line 77.
LaTeX Font Info:    Checking defaults for OMX/cmex/m/n on input line 77.
LaTeX Font Info:    ... okay on input line 77.
LaTeX Font Info:    Checking defaults for U/cmr/m/n on input line 77.
LaTeX Font Info:    ... okay on input line 77.
LaTeX Font Info:    Checking defaults for PD1/pdf/m/n on input line 77.
LaTeX Font Info:    ... okay on input line 77.
LaTeX Font Info:    Trying to load font information for T1+pplx on input line 7
7.
 ("C:\Users\laure\AppData\Local\Programs\MiKTeX 2.9\tex/latex/psnfss\t1pplx.fd"
File: t1pplx.fd 2004/09/06 font definitions for T1/pplx.
)
\big@size=\dimen259
LaTeX Info: Redefining \microtypecontext on input line 77.
Package microtype Info: Generating PDF output.
Package microtype Info: Character protrusion enabled (level 2).
Package microtype Info: Using default protrusion set `alltext'.
Package microtype Info: Automatic font expansion enabled (level 2),
(microtype)             stretch: 20, shrink: 20, step: 1, non-selected.
Package microtype Info: Using default expansion set `alltext-nott'.
LaTeX Info: Redefining \showhyphens on input line 77.
Package microtype Info: No adjustment of tracking.
Package microtype Info: No adjustment of interword spacing.
Package microtype Info: No adjustment of character kerning.

("C:\Users\laure\AppData\Local\Programs\MiKTeX 2.9\tex/latex/microtype\mt-ppl.c
fg"
File: mt-ppl.cfg 2005/11/16 v1.6 microtype config. file: Palatino (RS)
)
*geometry* driver: auto-detecting
*geometry* detected driver: pdftex
*geometry* verbose mode - [ preamble ] result:
* driver: pdftex
* paper: <default>
* layout: <same size as paper>
* layoutoffset:(h,v)=(0.0pt,0.0pt)
* hratio: 1:1
* modes: twoside 
* h-part:(L,W,R)=(92.14519pt, 430.00462pt, 92.14519pt)
* v-part:(T,H,B)=(91.04881pt, 608.5238pt, 95.39737pt)
* \paperwidth=614.295pt
* \paperheight=794.96999pt
* \textwidth=430.00462pt
* \textheight=608.5238pt
* \oddsidemargin=19.8752pt
* \evensidemargin=19.8752pt
* \topmargin=-18.22118pt
* \headheight=12.0pt
* \headsep=25.0pt
* \topskip=10.0pt
* \footskip=30.0pt
* \marginparwidth=121.0pt
* \marginparsep=11.0pt
* \columnsep=20.0pt
* \skip\footins=9.0pt plus 4.0pt minus 2.0pt
* \hoffset=0.0pt
* \voffset=0.0pt
* \mag=1000
* \@twocolumnfalse
* \@twosidetrue
* \@mparswitchtrue
* \@reversemarginfalse
* (1in=72.27pt=25.4mm, 1cm=28.453pt)

Package caption Info: Begin \AtBeginDocument code.
Package caption Info: float package is loaded.
Package caption Info: hyperref package is loaded.
Package caption Info: End \AtBeginDocument code.
\AtBeginShipoutBox=\box77
Package hyperref Info: Link coloring OFF on input line 77.

("C:\Users\laure\AppData\Local\Programs\MiKTeX 2.9\tex/latex/hyperref\nameref.s
ty"
Package: nameref 2019/09/16 v2.46 Cross-referencing by name of section

("C:\Users\laure\AppData\Local\Programs\MiKTeX 2.9\tex/latex/oberdiek\refcount.
sty"
Package: refcount 2016/05/16 v3.5 Data extraction from label references (HO)
)
("C:\Users\laure\AppData\Local\Programs\MiKTeX 2.9\tex/generic/oberdiek\gettitl
estring.sty"
Package: gettitlestring 2016/05/16 v1.5 Cleanup title references (HO)
)
\c@section@level=\count283
)
LaTeX Info: Redefining \ref on input line 77.
LaTeX Info: Redefining \pageref on input line 77.
LaTeX Info: Redefining \nameref on input line 77.
 (2021.05.15_Nursing_Home_draft.out)
(2021.05.15_Nursing_Home_draft.out)
\@outlinefile=\write3
\openout3 = `2021.05.15_Nursing_Home_draft.out'.


("C:\Users\laure\AppData\Local\Programs\MiKTeX 2.9\tex/context/base/mkii\supp-p
df.mkii"
[Loading MPS to PDF converter (version 2006.09.02).]
\scratchcounter=\count284
\scratchdimen=\dimen260
\scratchbox=\box78
\nofMPsegments=\count285
\nofMParguments=\count286
\everyMPshowfont=\toks22
\MPscratchCnt=\count287
\MPscratchDim=\dimen261
\MPnumerator=\count288
\makeMPintoPDFobject=\count289
\everyMPtoPDFconversion=\toks23
)
("C:\Users\laure\AppData\Local\Programs\MiKTeX 2.9\tex/latex/epstopdf-pkg\epsto
pdf-base.sty"
Package: epstopdf-base 2019-12-09 v2.10 Base part for package epstopdf
Package epstopdf-base Info: Redefining graphics rule for `.eps' on input line 4
85.
)
LaTeX Font Info:    Font shape `T1/pplx/bx/n' in size <24> not available
(Font)              Font shape `T1/pplx/b/n' tried instead on input line 80.
LaTeX Font Info:    Trying to load font information for OT1+pplx on input line 
80.

("C:\Users\laure\AppData\Local\Programs\MiKTeX 2.9\tex/latex/psnfss\ot1pplx.fd"
File: ot1pplx.fd 2004/09/06 font definitions for OT1/pplx.
)
LaTeX Font Info:    Trying to load font information for OML+zplm on input line 
80.
 ("C:\Users\laure\AppData\Local\Programs\MiKTeX 2.9\tex/latex/psnfss\omlzplm.fd
"
File: omlzplm.fd 2002/09/08 Fontinst v1.914 font definitions for OML/zplm.
)
LaTeX Font Info:    Trying to load font information for OMS+zplm on input line 
80.

("C:\Users\laure\AppData\Local\Programs\MiKTeX 2.9\tex/latex/psnfss\omszplm.fd"
File: omszplm.fd 2002/09/08 Fontinst v1.914 font definitions for OMS/zplm.
)
LaTeX Font Info:    Trying to load font information for OMX+zplm on input line 
80.
 ("C:\Users\laure\AppData\Local\Programs\MiKTeX 2.9\tex/latex/psnfss\omxzplm.fd
"
File: omxzplm.fd 2002/09/08 Fontinst v1.914 font definitions for OMX/zplm.
)
LaTeX Font Info:    Trying to load font information for OT1+zplm on input line 
80.

("C:\Users\laure\AppData\Local\Programs\MiKTeX 2.9\tex/latex/psnfss\ot1zplm.fd"
File: ot1zplm.fd 2002/09/08 Fontinst v1.914 font definitions for OT1/zplm.
)
Package microtype Info: Loading generic protrusion settings for font family
(microtype)             `zplm' (encoding: OT1).
(microtype)             For optimal results, create family-specific settings.
(microtype)             See the microtype manual for details.
Package microtype Info: Character `029' is missing
(microtype)             in font `T1/pplx/m/sc/12'.
(microtype)             Ignoring protrusion settings for this character.
LaTeX Font Info:    Trying to load font information for OMS+pplx on input line 
80.
LaTeX Font Info:    No file OMSpplx.fd. on input line 80.


LaTeX Font Warning: Font shape `OMS/pplx/m/n' undefined
(Font)              using `OMS/cmsy/m/n' instead
(Font)              for symbol `textasteriskcentered' on input line 80.

LaTeX Font Info:    Font shape `T1/pplx/bx/n' in size <10> not available
(Font)              Font shape `T1/pplx/b/n' tried instead on input line 87.
Package microtype Info: Character `029' is missing
(microtype)             in font `T1/pplx/m/sc/10'.
(microtype)             Ignoring protrusion settings for this character.
Package lettrine.sty Info: Targeted height = 30.07506pt
(lettrine.sty)             (for loversize=0, accent excluded),
(lettrine.sty)             Lettrine height = 30.07518pt (L);
(lettrine.sty)             reported on input line 101.

Package multicol Warning: I moved some lines to the next page.
(multicol)                Footnotes on page 1 might be wrong on input line 127.


[1{C:/Users/laure/AppData/Local/MiKTeX/2.9/pdftex/config/pdftex.map}

]
<images/nationwide_nursing_home_with_vaccine.png, id=83, 1355.0625pt x 903.375p
t>
File: images/nationwide_nursing_home_with_vaccine.png Graphic file (type png)
<use images/nationwide_nursing_home_with_vaccine.png>
Package pdftex.def Info: images/nationwide_nursing_home_with_vaccine.png  used 
on input line 147.
(pdftex.def)             Requested size: 205.0023pt x 136.65828pt.
LaTeX Font Info:    Font shape `T1/pplx/bx/n' in size <9> not available
(Font)              Font shape `T1/pplx/b/n' tried instead on input line 148.
<images/california_nursing_home_with_vaccine.png, id=84, 1355.0625pt x 903.375p
t>
File: images/california_nursing_home_with_vaccine.png Graphic file (type png)
<use images/california_nursing_home_with_vaccine.png>
Package pdftex.def Info: images/california_nursing_home_with_vaccine.png  used 
on input line 155.
(pdftex.def)             Requested size: 205.0023pt x 136.65828pt.
<images/florida_nursing_home_with_vaccine.png, id=85, 1355.0625pt x 903.375pt>
File: images/florida_nursing_home_with_vaccine.png Graphic file (type png)
<use images/florida_nursing_home_with_vaccine.png>
Package pdftex.def Info: images/florida_nursing_home_with_vaccine.png  used on 
input line 161.
(pdftex.def)             Requested size: 205.0023pt x 136.65828pt.
<images/texas_nursing_home_with_vaccine.png, id=86, 1355.0625pt x 903.375pt>
File: images/texas_nursing_home_with_vaccine.png Graphic file (type png)
<use images/texas_nursing_home_with_vaccine.png>
Package pdftex.def Info: images/texas_nursing_home_with_vaccine.png  used on in
put line 167.
(pdftex.def)             Requested size: 205.0023pt x 136.65828pt.
 [2 <./images/nationwide_nursing_home_with_vaccine.png> <./images/california_nu
rsing_home_with_vaccine.png> <./images/florida_nursing_home_with_vaccine.png>]
<legends/new_vaccine_rollout_legend.png, id=97, 1355.0625pt x 903.375pt>
File: legends/new_vaccine_rollout_legend.png Graphic file (type png)
<use legends/new_vaccine_rollout_legend.png>
Package pdftex.def Info: legends/new_vaccine_rollout_legend.png  used on input 
line 175.
(pdftex.def)             Requested size: 205.0023pt x 136.65828pt.
<images/broward_nursing_home_with_vaccine.png, id=98, 1355.0625pt x 903.375pt>
File: images/broward_nursing_home_with_vaccine.png Graphic file (type png)
<use images/broward_nursing_home_with_vaccine.png>
Package pdftex.def Info: images/broward_nursing_home_with_vaccine.png  used on 
input line 182.
(pdftex.def)             Requested size: 205.0023pt x 136.65828pt.
<images/dade_nursing_home_with_vaccine.png, id=99, 1355.0625pt x 903.375pt>
File: images/dade_nursing_home_with_vaccine.png Graphic file (type png)
<use images/dade_nursing_home_with_vaccine.png>
Package pdftex.def Info: images/dade_nursing_home_with_vaccine.png  used on inp
ut line 188.
(pdftex.def)             Requested size: 205.0023pt x 136.65828pt.
<images/orange_nursing_home_with_vaccine.png, id=100, 1355.0625pt x 903.375pt>
File: images/orange_nursing_home_with_vaccine.png Graphic file (type png)
<use images/orange_nursing_home_with_vaccine.png>
Package pdftex.def Info: images/orange_nursing_home_with_vaccine.png  used on i
nput line 194.
(pdftex.def)             Requested size: 205.0023pt x 136.65828pt.
<images/losangeles_nursing_home_with_vaccine.png, id=101, 1355.0625pt x 903.375
pt>
File: images/losangeles_nursing_home_with_vaccine.png Graphic file (type png)
<use images/losangeles_nursing_home_with_vaccine.png>
Package pdftex.def Info: images/losangeles_nursing_home_with_vaccine.png  used 
on input line 200.
(pdftex.def)             Requested size: 205.0023pt x 136.65828pt.
 [3 <./images/texas_nursing_home_with_vaccine.png> <./legends/new_vaccine_rollo
ut_legend.png> <./images/broward_nursing_home_with_vaccine.png> <./images/dade_
nursing_home_with_vaccine.png>]
<images/sanbernardino_nursing_home_with_vaccine.png, id=114, 1355.0625pt x 903.
375pt>
File: images/sanbernardino_nursing_home_with_vaccine.png Graphic file (type png
)
<use images/sanbernardino_nursing_home_with_vaccine.png>
Package pdftex.def Info: images/sanbernardino_nursing_home_with_vaccine.png  us
ed on input line 206.
(pdftex.def)             Requested size: 205.0023pt x 136.65828pt.
<images/sanfrancisco_nursing_home_with_vaccine.png, id=115, 1355.0625pt x 903.3
75pt>
File: images/sanfrancisco_nursing_home_with_vaccine.png Graphic file (type png)

<use images/sanfrancisco_nursing_home_with_vaccine.png>
Package pdftex.def Info: images/sanfrancisco_nursing_home_with_vaccine.png  use
d on input line 212.
(pdftex.def)             Requested size: 205.0023pt x 136.65828pt.
<images/dallas_nursing_home_with_vaccine.png, id=116, 1355.0625pt x 903.375pt>
File: images/dallas_nursing_home_with_vaccine.png Graphic file (type png)
<use images/dallas_nursing_home_with_vaccine.png>
Package pdftex.def Info: images/dallas_nursing_home_with_vaccine.png  used on i
nput line 218.
(pdftex.def)             Requested size: 205.0023pt x 136.65828pt.
<images/harris_nursing_home_with_vaccine.png, id=117, 1355.0625pt x 903.375pt>
File: images/harris_nursing_home_with_vaccine.png Graphic file (type png)
<use images/harris_nursing_home_with_vaccine.png>
Package pdftex.def Info: images/harris_nursing_home_with_vaccine.png  used on i
nput line 224.
(pdftex.def)             Requested size: 205.0023pt x 136.65828pt.
 [4 <./images/orange_nursing_home_with_vaccine.png> <./images/losangeles_nursin
g_home_with_vaccine.png> <./images/sanbernardino_nursing_home_with_vaccine.png>
 <./images/sanfrancisco_nursing_home_with_vaccine.png>]
<images/travis_nursing_home_with_vaccine.png, id=130, 1355.0625pt x 903.375pt>
File: images/travis_nursing_home_with_vaccine.png Graphic file (type png)
<use images/travis_nursing_home_with_vaccine.png>
Package pdftex.def Info: images/travis_nursing_home_with_vaccine.png  used on i
nput line 230.
(pdftex.def)             Requested size: 205.0023pt x 136.65828pt.
<images/nationwide_fully_vaccinated.png, id=131, 1355.0625pt x 903.375pt>
File: images/nationwide_fully_vaccinated.png Graphic file (type png)
<use images/nationwide_fully_vaccinated.png>
Package pdftex.def Info: images/nationwide_fully_vaccinated.png  used on input 
line 238.
(pdftex.def)             Requested size: 205.0023pt x 136.65828pt.
<images/ltc_fully_vaccinated.png, id=132, 1355.0625pt x 903.375pt>
File: images/ltc_fully_vaccinated.png Graphic file (type png)
<use images/ltc_fully_vaccinated.png>
Package pdftex.def Info: images/ltc_fully_vaccinated.png  used on input line 24
4.
(pdftex.def)             Requested size: 205.0023pt x 136.65828pt.
<images/ltc_daily_cases.png, id=133, 1355.0625pt x 903.375pt>
File: images/ltc_daily_cases.png Graphic file (type png)
<use images/ltc_daily_cases.png>
Package pdftex.def Info: images/ltc_daily_cases.png  used on input line 250.
(pdftex.def)             Requested size: 205.0023pt x 136.65828pt.

[5 <./images/dallas_nursing_home_with_vaccine.png> <./images/harris_nursing_hom
e_with_vaccine.png> <./images/travis_nursing_home_with_vaccine.png> <./images/n
ationwide_fully_vaccinated.png>]
<images/usa_daily_total_doses_unprocessed.png, id=146, 1355.0625pt x 903.375pt>

File: images/usa_daily_total_doses_unprocessed.png Graphic file (type png)
<use images/usa_daily_total_doses_unprocessed.png>
Package pdftex.def Info: images/usa_daily_total_doses_unprocessed.png  used on 
input line 256.
(pdftex.def)             Requested size: 205.0023pt x 136.65828pt.
<images/usa_daily_total_doses_processed.png, id=147, 1355.0625pt x 903.375pt>
File: images/usa_daily_total_doses_processed.png Graphic file (type png)
<use images/usa_daily_total_doses_processed.png>
Package pdftex.def Info: images/usa_daily_total_doses_processed.png  used on in
put line 262.
(pdftex.def)             Requested size: 205.0023pt x 136.65828pt.
<images/usa_daily_first_doses_unprocessed.png, id=148, 1355.0625pt x 903.375pt>

File: images/usa_daily_first_doses_unprocessed.png Graphic file (type png)
<use images/usa_daily_first_doses_unprocessed.png>
Package pdftex.def Info: images/usa_daily_first_doses_unprocessed.png  used on 
input line 268.
(pdftex.def)             Requested size: 205.0023pt x 136.65828pt.
<images/usa_daily_first_doses_processed.png, id=149, 1355.0625pt x 903.375pt>
File: images/usa_daily_first_doses_processed.png Graphic file (type png)
<use images/usa_daily_first_doses_processed.png>
Package pdftex.def Info: images/usa_daily_first_doses_processed.png  used on in
put line 274.
(pdftex.def)             Requested size: 205.0023pt x 136.65828pt.
 [6 <./images/ltc_fully_vaccinated.png> <./images/ltc_daily_cases.png> <./image
s/usa_daily_total_doses_unprocessed.png> <./images/usa_daily_total_doses_proces
sed.png>]
<images/usa_daily_second_doses_unprocessed.png, id=162, 1355.0625pt x 903.375pt
>
File: images/usa_daily_second_doses_unprocessed.png Graphic file (type png)
<use images/usa_daily_second_doses_unprocessed.png>
Package pdftex.def Info: images/usa_daily_second_doses_unprocessed.png  used on
 input line 280.
(pdftex.def)             Requested size: 205.0023pt x 136.65828pt.
File: images/usa_daily_second_doses_unprocessed.png Graphic file (type png)
<use images/usa_daily_second_doses_unprocessed.png>
Package pdftex.def Info: images/usa_daily_second_doses_unprocessed.png  used on
 input line 286.
(pdftex.def)             Requested size: 205.0023pt x 136.65828pt.
<images/usa_daily_fully_vaccinated_unprocessed.png, id=163, 1355.0625pt x 903.3
75pt>
File: images/usa_daily_fully_vaccinated_unprocessed.png Graphic file (type png)

<use images/usa_daily_fully_vaccinated_unprocessed.png>
Package pdftex.def Info: images/usa_daily_fully_vaccinated_unprocessed.png  use
d on input line 292.
(pdftex.def)             Requested size: 205.0023pt x 136.65828pt.
<images/usa_daily_fully_vaccinated_processed.png, id=164, 1355.0625pt x 903.375
pt>
File: images/usa_daily_fully_vaccinated_processed.png Graphic file (type png)
<use images/usa_daily_fully_vaccinated_processed.png>
Package pdftex.def Info: images/usa_daily_fully_vaccinated_processed.png  used 
on input line 298.
(pdftex.def)             Requested size: 205.0023pt x 136.65828pt.
<images/usa_daily_cases_unprocessed.png, id=165, 1355.0625pt x 903.375pt>
File: images/usa_daily_cases_unprocessed.png Graphic file (type png)
<use images/usa_daily_cases_unprocessed.png>
Package pdftex.def Info: images/usa_daily_cases_unprocessed.png  used on input 
line 304.
(pdftex.def)             Requested size: 205.0023pt x 136.65828pt.
 [7 <./images/usa_daily_first_doses_unprocessed.png> <./images/usa_daily_first_
doses_processed.png> <./images/usa_daily_second_doses_unprocessed.png> <./image
s/usa_daily_fully_vaccinated_unprocessed.png> <./images/usa_daily_fully_vaccina
ted_processed.png>]
<images/usa_daily_cases_processed.png, id=182, 1355.0625pt x 903.375pt>
File: images/usa_daily_cases_processed.png Graphic file (type png)
<use images/usa_daily_cases_processed.png>
Package pdftex.def Info: images/usa_daily_cases_processed.png  used on input li
ne 310.
(pdftex.def)             Requested size: 205.0023pt x 136.65828pt.
<images/usa_daily_fatalities_unprocessed.png, id=183, 1355.0625pt x 903.375pt>
File: images/usa_daily_fatalities_unprocessed.png Graphic file (type png)
<use images/usa_daily_fatalities_unprocessed.png>
Package pdftex.def Info: images/usa_daily_fatalities_unprocessed.png  used on i
nput line 316.
(pdftex.def)             Requested size: 205.0023pt x 136.65828pt.
<images/usa_daily_fatalities_processed.png, id=184, 1355.0625pt x 903.375pt>
File: images/usa_daily_fatalities_processed.png Graphic file (type png)
<use images/usa_daily_fatalities_processed.png>
Package pdftex.def Info: images/usa_daily_fatalities_processed.png  used on inp
ut line 322.
(pdftex.def)             Requested size: 205.0023pt x 136.65828pt.
<images/usa_daily_ltc_fully_vaccinated_unprocessed.png, id=185, 1355.0625pt x 9
03.375pt>
File: images/usa_daily_ltc_fully_vaccinated_unprocessed.png Graphic file (type 
png)
<use images/usa_daily_ltc_fully_vaccinated_unprocessed.png>
Package pdftex.def Info: images/usa_daily_ltc_fully_vaccinated_unprocessed.png 
 used on input line 328.
(pdftex.def)             Requested size: 205.0023pt x 136.65828pt.
<images/usa_daily_ltc_fully_vaccinated_processed.png, id=186, 1355.0625pt x 903
.375pt>
File: images/usa_daily_ltc_fully_vaccinated_processed.png Graphic file (type pn
g)
<use images/usa_daily_ltc_fully_vaccinated_processed.png>
Package pdftex.def Info: images/usa_daily_ltc_fully_vaccinated_processed.png  u
sed on input line 334.
(pdftex.def)             Requested size: 205.0023pt x 136.65828pt.
<images/usa_daily_ltc_first_dose_unprocessed.png, id=187, 1355.0625pt x 903.375
pt>
File: images/usa_daily_ltc_first_dose_unprocessed.png Graphic file (type png)
<use images/usa_daily_ltc_first_dose_unprocessed.png>
Package pdftex.def Info: images/usa_daily_ltc_first_dose_unprocessed.png  used 
on input line 340.
(pdftex.def)             Requested size: 205.0023pt x 136.65828pt.
 [8 <./images/usa_daily_cases_unprocessed.png> <./images/usa_daily_cases_proces
sed.png> <./images/usa_daily_fatalities_unprocessed.png> <./images/usa_daily_fa
talities_processed.png> <./images/usa_daily_ltc_fully_vaccinated_unprocessed.pn
g> <./images/usa_daily_ltc_fully_vaccinated_processed.png>]
<images/usa_daily_ltc_first_dose_processed.png, id=204, 1355.0625pt x 903.375pt
>
File: images/usa_daily_ltc_first_dose_processed.png Graphic file (type png)
<use images/usa_daily_ltc_first_dose_processed.png>
Package pdftex.def Info: images/usa_daily_ltc_first_dose_processed.png  used on
 input line 346.
(pdftex.def)             Requested size: 205.0023pt x 136.65828pt.
<images/usa_daily_ltc_second_dose_unprocessed.png, id=205, 1355.0625pt x 903.37
5pt>
File: images/usa_daily_ltc_second_dose_unprocessed.png Graphic file (type png)
<use images/usa_daily_ltc_second_dose_unprocessed.png>
Package pdftex.def Info: images/usa_daily_ltc_second_dose_unprocessed.png  used
 on input line 352.
(pdftex.def)             Requested size: 205.0023pt x 136.65828pt.
<images/usa_daily_ltc_second_dose_processed.png, id=206, 1355.0625pt x 903.375p
t>
File: images/usa_daily_ltc_second_dose_processed.png Graphic file (type png)
<use images/usa_daily_ltc_second_dose_processed.png>
Package pdftex.def Info: images/usa_daily_ltc_second_dose_processed.png  used o
n input line 358.
(pdftex.def)             Requested size: 205.0023pt x 136.65828pt.
<images/usa_daily_ltc_cases_unprocessed.png, id=207, 1355.0625pt x 903.375pt>
File: images/usa_daily_ltc_cases_unprocessed.png Graphic file (type png)
<use images/usa_daily_ltc_cases_unprocessed.png>
Package pdftex.def Info: images/usa_daily_ltc_cases_unprocessed.png  used on in
put line 364.
(pdftex.def)             Requested size: 205.0023pt x 136.65828pt.
 [9 <./images/usa_daily_ltc_first_dose_unprocessed.png> <./images/usa_daily_ltc
_first_dose_processed.png> <./images/usa_daily_ltc_second_dose_unprocessed.png>
 <./images/usa_daily_ltc_second_dose_processed.png> <./images/usa_daily_ltc_cas
es_unprocessed.png>]
Package atveryend Info: Empty hook `BeforeClearDocument' on input line 424.
 [10]
Package atveryend Info: Empty hook `AfterLastShipout' on input line 424.

(2021.05.15_Nursing_Home_draft.aux)
Package atveryend Info: Executing hook `AtVeryEndDocument' on input line 424.
Package atveryend Info: Executing hook `AtEndAfterFileList' on input line 424.
Package rerunfilecheck Info: File `2021.05.15_Nursing_Home_draft.out' has not c
hanged.
(rerunfilecheck)             Checksum: 9CA04D8820C185EE1A9E838ED1B1B0C4;1223.


LaTeX Font Warning: Some font shapes were not available, defaults substituted.


LaTeX Warning: There were multiply-defined labels.

Package atveryend Info: Empty hook `AtVeryVeryEnd' on input line 424.
 ) 
Here is how much of TeX's memory you used:
 20848 strings out of 492483
 380933 string characters out of 3121589
 717494 words of memory out of 3000000
 24531 multiletter control sequences out of 15000+200000
 603560 words of font info for 314 fonts, out of 3000000 for 9000
 1141 hyphenation exceptions out of 8191
 44i,13n,67p,511b,768s stack positions out of 5000i,500n,10000p,200000b,50000s
{C:/Users/laure/AppData/Local/Programs/MiKTeX 2.9/fonts/enc/dvips/base/8r.enc
}<C:/Users/laure/AppData/Local/Programs/MiKTeX 2.9/fonts/type1/public/amsfonts/
cm/cmsy10.pfb><C:/Users/laure/AppData/Local/Programs/MiKTeX 2.9/fonts/type1/pub
lic/amsfonts/cm/cmsy6.pfb><C:/Users/laure/AppData/Local/Programs/MiKTeX 2.9/fon
ts/type1/public/amsfonts/cm/cmsy9.pfb><C:/Users/laure/AppData/Local/Programs/Mi
KTeX 2.9/fonts/type1/public/fpl/fplrc8a.pfb><C:/Users/laure/AppData/Local/Progr
ams/MiKTeX 2.9/fonts/type1/urw/palatino/uplb8a.pfb><C:/Users/laure/AppData/Loca
l/Programs/MiKTeX 2.9/fonts/type1/urw/palatino/uplr8a.pfb><C:/Users/laure/AppDa
ta/Local/Programs/MiKTeX 2.9/fonts/type1/urw/palatino/uplri8a.pfb>
Output written on 2021.05.15_Nursing_Home_draft.pdf (10 pages, 1381783 bytes).
PDF statistics:
 281 PDF objects out of 1000 (max. 8388607)
 76 named destinations out of 1000 (max. 500000)
 96568 words of extra memory for PDF output out of 106986 (max. 10000000)

