This is pdfTeX, Version 3.14159265-2.6-1.40.21 (TeX Live 2020) (preloaded format=pdflatex 2020.4.7)  8 SEP 2021 09:34
entering extended mode
 restricted \write18 enabled.
 %&-line parsing enabled.
**paper_draft.tex
(./paper_draft.tex
LaTeX2e <2020-02-02> patch level 5
L3 programming layer <2020-03-06>
(/usr/local/texlive/2020/texmf-dist/tex/latex/base/article.cls
Document Class: article 2019/12/20 v1.4l Standard LaTeX document class
(/usr/local/texlive/2020/texmf-dist/tex/latex/base/size10.clo
File: size10.clo 2019/12/20 v1.4l Standard LaTeX file (size option)
)
\c@part=\count167
\c@section=\count168
\c@subsection=\count169
\c@subsubsection=\count170
\c@paragraph=\count171
\c@subparagraph=\count172
\c@figure=\count173
\c@table=\count174
\abovecaptionskip=\skip47
\belowcaptionskip=\skip48
\bibindent=\dimen134
)
(/usr/local/texlive/2020/texmf-dist/tex/latex/graphics/graphicx.sty
Package: graphicx 2019/11/30 v1.2a Enhanced LaTeX Graphics (DPC,SPQR)

(/usr/local/texlive/2020/texmf-dist/tex/latex/graphics/keyval.sty
Package: keyval 2014/10/28 v1.15 key=value parser (DPC)
\KV@toks@=\toks15
)
(/usr/local/texlive/2020/texmf-dist/tex/latex/graphics/graphics.sty
Package: graphics 2019/11/30 v1.4a Standard LaTeX Graphics (DPC,SPQR)

(/usr/local/texlive/2020/texmf-dist/tex/latex/graphics/trig.sty
Package: trig 2016/01/03 v1.10 sin cos tan (DPC)
)
(/usr/local/texlive/2020/texmf-dist/tex/latex/graphics-cfg/graphics.cfg
File: graphics.cfg 2016/06/04 v1.11 sample graphics configuration
)
Package graphics Info: Driver file: pdftex.def on input line 105.

(/usr/local/texlive/2020/texmf-dist/tex/latex/graphics-def/pdftex.def
File: pdftex.def 2018/01/08 v1.0l Graphics/color driver for pdftex
))
\Gin@req@height=\dimen135
\Gin@req@width=\dimen136
)
(/usr/local/texlive/2020/texmf-dist/tex/latex/caption/caption.sty
Package: caption 2020/01/03 v3.4h Customizing captions (AR)

(/usr/local/texlive/2020/texmf-dist/tex/latex/caption/caption3.sty
Package: caption3 2020/01/03 v1.8h caption3 kernel (AR)
Package caption3 Info: TeX engine: e-TeX on input line 61.
\captionmargin=\dimen137
\captionmargin@=\dimen138
\captionwidth=\dimen139
\caption@tempdima=\dimen140
\caption@indent=\dimen141
\caption@parindent=\dimen142
\caption@hangindent=\dimen143
Package caption Info: Standard document class detected.
)
\c@caption@flags=\count175
\c@continuedfloat=\count176
)
(/usr/local/texlive/2020/texmf-dist/tex/latex/placeins/placeins.sty
Package: placeins 2005/04/18  v 2.2
)
(/usr/local/texlive/2020/texmf-dist/tex/latex/subfigure/subfigure.sty
Package: subfigure 2002/03/15 v2.1.5 subfigure package
\subfigtopskip=\skip49
\subfigcapskip=\skip50
\subfigcaptopadj=\dimen144
\subfigbottomskip=\skip51
\subfigcapmargin=\dimen145
\subfiglabelskip=\skip52
\c@subfigure=\count177
\c@lofdepth=\count178
\c@subtable=\count179
\c@lotdepth=\count180

****************************************
* Local config file subfigure.cfg used *
****************************************
(/usr/local/texlive/2020/texmf-dist/tex/latex/subfigure/subfigure.cfg)
\subfig@top=\skip53
\subfig@bottom=\skip54
)
(/usr/local/texlive/2020/texmf-dist/tex/latex/float/float.sty
Package: float 2001/11/08 v1.3d Float enhancements (AL)
\c@float@type=\count181
\float@exts=\toks16
\float@box=\box45
\@float@everytoks=\toks17
\@floatcapt=\box46
)
(/usr/local/texlive/2020/texmf-dist/tex/latex/psnfss/times.sty
Package: times 2005/04/12 PSNFSS-v9.2a (SPQR) 
)
(/usr/local/texlive/2020/texmf-dist/tex/latex/l3backend/l3backend-pdfmode.def
File: l3backend-pdfmode.def 2020-03-12 L3 backend support: PDF mode
\l__kernel_color_stack_int=\count182
\l__pdf_internal_box=\box47
)
(./paper_draft.aux

LaTeX Warning: Label `fig:legends/variant_strains_legendLabel' multiply defined
.


LaTeX Warning: Label `fig:legends/variant_strains_legendLabel' multiply defined
.


LaTeX Warning: Label `fig:legends/variant_strains_legendLabel' multiply defined
.


LaTeX Warning: Label `fig:legends/holiday_legendLabel' multiply defined.


LaTeX Warning: Label `fig:legends/holiday_legendLabel' multiply defined.


LaTeX Warning: Label `fig:legends/dade_mask_order_legendLabel' multiply defined
.


LaTeX Warning: Label `fig:legends/broward_mask_order_legendLabel' multiply defi
ned.


LaTeX Warning: Label `fig:legends/orange_mask_order_legendLabel' multiply defin
ed.


LaTeX Warning: Label `fig:legends/los_angeles_mask_order_legendLabel' multiply 
defined.


LaTeX Warning: Label `fig:legends/san_bernardino_mask_order_legendLabel' multip
ly defined.


LaTeX Warning: Label `fig:legends/san_francisco_mask_order_legendLabel' multipl
y defined.


LaTeX Warning: Label `fig:legends/travis_mask_order_legendLabel' multiply defin
ed.


LaTeX Warning: Label `fig:legends/dallas_mask_order_legendLabel' multiply defin
ed.


LaTeX Warning: Label `fig:legends/harris_mask_order_legendLabel' multiply defin
ed.


LaTeX Warning: Label `fig:legends/dade_mask_order_legendLabel' multiply defined
.


LaTeX Warning: Label `fig:legends/broward_mask_order_legendLabel' multiply defi
ned.


LaTeX Warning: Label `fig:legends/orange_mask_order_legendLabel' multiply defin
ed.


LaTeX Warning: Label `fig:legends/los_angeles_mask_order_legendLabel' multiply 
defined.


LaTeX Warning: Label `fig:legends/san_bernardino_mask_order_legendLabel' multip
ly defined.


LaTeX Warning: Label `fig:legends/san_francisco_mask_order_legendLabel' multipl
y defined.


LaTeX Warning: Label `fig:legends/travis_mask_order_legendLabel' multiply defin
ed.


LaTeX Warning: Label `fig:legends/dallas_mask_order_legendLabel' multiply defin
ed.


LaTeX Warning: Label `fig:legends/harris_mask_order_legendLabel' multiply defin
ed.


LaTeX Warning: Label `fig:legends/dade_school_legendLabel' multiply defined.


LaTeX Warning: Label `fig:legends/broward_school_legendLabel' multiply defined.



LaTeX Warning: Label `fig:legends/orange_school_legendLabel' multiply defined.


LaTeX Warning: Label `fig:legends/los_angeles_school_legendLabel' multiply defi
ned.


LaTeX Warning: Label `fig:legends/san_bernardino_school_legendLabel' multiply d
efined.


LaTeX Warning: Label `fig:legends/san_francisco_school_legendLabel' multiply de
fined.


LaTeX Warning: Label `fig:legends/travis_school_legendLabel' multiply defined.


LaTeX Warning: Label `fig:legends/dallas_school_legendLabel' multiply defined.


LaTeX Warning: Label `fig:legends/harris_school_legendLabel' multiply defined.


LaTeX Warning: Label `fig:legends/dade_school_legendLabel' multiply defined.


LaTeX Warning: Label `fig:legends/broward_school_legendLabel' multiply defined.



LaTeX Warning: Label `fig:legends/orange_school_legendLabel' multiply defined.


LaTeX Warning: Label `fig:legends/los_angeles_school_legendLabel' multiply defi
ned.


LaTeX Warning: Label `fig:legends/san_bernardino_school_legendLabel' multiply d
efined.


LaTeX Warning: Label `fig:legends/san_francisco_school_legendLabel' multiply de
fined.


LaTeX Warning: Label `fig:legends/travis_school_legendLabel' multiply defined.


LaTeX Warning: Label `fig:legends/dallas_school_legendLabel' multiply defined.


LaTeX Warning: Label `fig:legends/harris_school_legendLabel' multiply defined.

)
\openout1 = `paper_draft.aux'.

LaTeX Font Info:    Checking defaults for OML/cmm/m/it on input line 30.
LaTeX Font Info:    ... okay on input line 30.
LaTeX Font Info:    Checking defaults for OMS/cmsy/m/n on input line 30.
LaTeX Font Info:    ... okay on input line 30.
LaTeX Font Info:    Checking defaults for OT1/cmr/m/n on input line 30.
LaTeX Font Info:    ... okay on input line 30.
LaTeX Font Info:    Checking defaults for T1/cmr/m/n on input line 30.
LaTeX Font Info:    ... okay on input line 30.
LaTeX Font Info:    Checking defaults for TS1/cmr/m/n on input line 30.
LaTeX Font Info:    ... okay on input line 30.
LaTeX Font Info:    Checking defaults for OMX/cmex/m/n on input line 30.
LaTeX Font Info:    ... okay on input line 30.
LaTeX Font Info:    Checking defaults for U/cmr/m/n on input line 30.
LaTeX Font Info:    ... okay on input line 30.
LaTeX Font Info:    Trying to load font information for OT1+ptm on input line 3
0.
 (/usr/local/texlive/2020/texmf-dist/tex/latex/psnfss/ot1ptm.fd
File: ot1ptm.fd 2001/06/04 font definitions for OT1/ptm.
)
(/usr/local/texlive/2020/texmf-dist/tex/context/base/mkii/supp-pdf.mkii
[Loading MPS to PDF converter (version 2006.09.02).]
\scratchcounter=\count183
\scratchdimen=\dimen146
\scratchbox=\box48
\nofMPsegments=\count184
\nofMParguments=\count185
\everyMPshowfont=\toks18
\MPscratchCnt=\count186
\MPscratchDim=\dimen147
\MPnumerator=\count187
\makeMPintoPDFobject=\count188
\everyMPtoPDFconversion=\toks19
) (/usr/local/texlive/2020/texmf-dist/tex/latex/epstopdf-pkg/epstopdf-base.sty
Package: epstopdf-base 2020-01-24 v2.11 Base part for package epstopdf
Package epstopdf-base Info: Redefining graphics rule for `.eps' on input line 4
85.

(/usr/local/texlive/2020/texmf-dist/tex/latex/latexconfig/epstopdf-sys.cfg
File: epstopdf-sys.cfg 2010/07/13 v1.3 Configuration of (r)epstopdf for TeX Liv
e
))
Package caption Info: Begin \AtBeginDocument code.
Package caption Info: float package is loaded.
Package caption Info: subfigure package is loaded.
Package caption Info: End \AtBeginDocument code.
LaTeX Font Info:    External font `cmex10' loaded for size
(Font)              <12> on input line 34.
LaTeX Font Info:    External font `cmex10' loaded for size
(Font)              <8> on input line 34.
LaTeX Font Info:    External font `cmex10' loaded for size
(Font)              <6> on input line 34.
LaTeX Font Info:    External font `cmex10' loaded for size
(Font)              <7> on input line 34.
LaTeX Font Info:    External font `cmex10' loaded for size
(Font)              <5> on input line 34.
<legends/variant_strains_legend.png, id=1, 1355.0625pt x 903.375pt>
File: legends/variant_strains_legend.png Graphic file (type png)
<use legends/variant_strains_legend.png>
Package pdftex.def Info: legends/variant_strains_legend.png  used on input line
 51.
(pdftex.def)             Requested size: 455.24408pt x 303.49057pt.


LaTeX Warning: `!h' float specifier changed to `!ht'.

<images/dade_cases_strains_log.png, id=2, 1355.0625pt x 903.375pt>
File: images/dade_cases_strains_log.png Graphic file (type png)
<use images/dade_cases_strains_log.png>
Package pdftex.def Info: images/dade_cases_strains_log.png  used on input line 
57.
(pdftex.def)             Requested size: 455.24408pt x 303.49057pt.

LaTeX Warning: `!h' float specifier changed to `!ht'.

<images/broward_cases_strains_log.png, id=3, 1355.0625pt x 903.375pt>
File: images/broward_cases_strains_log.png Graphic file (type png)
<use images/broward_cases_strains_log.png>
Package pdftex.def Info: images/broward_cases_strains_log.png  used on input li
ne 64.
(pdftex.def)             Requested size: 455.24408pt x 303.49057pt.

LaTeX Warning: `!h' float specifier changed to `!ht'.

<images/orange_cases_strains_log.png, id=4, 1355.0625pt x 903.375pt>
File: images/orange_cases_strains_log.png Graphic file (type png)
<use images/orange_cases_strains_log.png>
Package pdftex.def Info: images/orange_cases_strains_log.png  used on input lin
e 71.
(pdftex.def)             Requested size: 455.24408pt x 303.49057pt.

LaTeX Warning: `!h' float specifier changed to `!ht'.

<images/los_angeles_cases_strains_log.png, id=5, 1355.0625pt x 903.375pt>
File: images/los_angeles_cases_strains_log.png Graphic file (type png)
<use images/los_angeles_cases_strains_log.png>
Package pdftex.def Info: images/los_angeles_cases_strains_log.png  used on inpu
t line 77.
(pdftex.def)             Requested size: 455.24408pt x 303.49057pt.

LaTeX Warning: `!h' float specifier changed to `!ht'.

<images/san_bernardino_cases_strains_log.png, id=6, 1355.0625pt x 903.375pt>
File: images/san_bernardino_cases_strains_log.png Graphic file (type png)
<use images/san_bernardino_cases_strains_log.png>
Package pdftex.def Info: images/san_bernardino_cases_strains_log.png  used on i
nput line 84.
(pdftex.def)             Requested size: 455.24408pt x 303.49057pt.

LaTeX Warning: `!h' float specifier changed to `!ht'.

<images/san_francisco_cases_strains_log.png, id=7, 1355.0625pt x 903.375pt>
File: images/san_francisco_cases_strains_log.png Graphic file (type png)
<use images/san_francisco_cases_strains_log.png>
Package pdftex.def Info: images/san_francisco_cases_strains_log.png  used on in
put line 91.
(pdftex.def)             Requested size: 455.24408pt x 303.49057pt.

LaTeX Warning: `!h' float specifier changed to `!ht'.

<images/travis_cases_strains_log.png, id=8, 1355.0625pt x 903.375pt>
File: images/travis_cases_strains_log.png Graphic file (type png)
<use images/travis_cases_strains_log.png>
Package pdftex.def Info: images/travis_cases_strains_log.png  used on input lin
e 98.
(pdftex.def)             Requested size: 455.24408pt x 303.49057pt.

LaTeX Warning: `!h' float specifier changed to `!ht'.

<images/dallas_cases_strains_log.png, id=9, 1355.0625pt x 903.375pt>
File: images/dallas_cases_strains_log.png Graphic file (type png)
<use images/dallas_cases_strains_log.png>
Package pdftex.def Info: images/dallas_cases_strains_log.png  used on input lin
e 104.
(pdftex.def)             Requested size: 455.24408pt x 303.49057pt.

LaTeX Warning: `!h' float specifier changed to `!ht'.

<images/harris_cases_strains_log.png, id=10, 1355.0625pt x 903.375pt>
File: images/harris_cases_strains_log.png Graphic file (type png)
<use images/harris_cases_strains_log.png>
Package pdftex.def Info: images/harris_cases_strains_log.png  used on input lin
e 110.
(pdftex.def)             Requested size: 455.24408pt x 303.49057pt.

LaTeX Warning: `!h' float specifier changed to `!ht'.

[1

{/usr/local/texlive/2020/texmf-var/fonts/map/pdftex/updmap/pdftex.map}]
[2 <./legends/variant_strains_legend.png>] [3 <./images/dade_cases_strains_log.
png>] [4 <./images/broward_cases_strains_log.png>] [5 <./images/orange_cases_st
rains_log.png>] [6 <./images/los_angeles_cases_strains_log.png>] [7 <./images/s
an_bernardino_cases_strains_log.png>] [8 <./images/san_francisco_cases_strains_
log.png>] [9 <./images/travis_cases_strains_log.png>] [10 <./images/dallas_case
s_strains_log.png>] [11 <./images/harris_cases_strains_log.png>] [12

]
File: legends/variant_strains_legend.png Graphic file (type png)
<use legends/variant_strains_legend.png>
Package pdftex.def Info: legends/variant_strains_legend.png  used on input line
 134.
(pdftex.def)             Requested size: 455.24408pt x 303.49057pt.


LaTeX Warning: `!h' float specifier changed to `!ht'.

<images/dade_hospitalizations_strains_log.png, id=68, 1355.0625pt x 903.375pt>
File: images/dade_hospitalizations_strains_log.png Graphic file (type png)
<use images/dade_hospitalizations_strains_log.png>
Package pdftex.def Info: images/dade_hospitalizations_strains_log.png  used on 
input line 140.
(pdftex.def)             Requested size: 455.24408pt x 303.49057pt.

LaTeX Warning: `!h' float specifier changed to `!ht'.

<images/broward_hospitalizations_strains_log.png, id=69, 1355.0625pt x 903.375p
t>
File: images/broward_hospitalizations_strains_log.png Graphic file (type png)
<use images/broward_hospitalizations_strains_log.png>
Package pdftex.def Info: images/broward_hospitalizations_strains_log.png  used 
on input line 147.
(pdftex.def)             Requested size: 455.24408pt x 303.49057pt.

LaTeX Warning: `!h' float specifier changed to `!ht'.

<images/orange_hospitalizations_strains_log.png, id=70, 1355.0625pt x 903.375pt
>
File: images/orange_hospitalizations_strains_log.png Graphic file (type png)
<use images/orange_hospitalizations_strains_log.png>
Package pdftex.def Info: images/orange_hospitalizations_strains_log.png  used o
n input line 154.
(pdftex.def)             Requested size: 455.24408pt x 303.49057pt.

LaTeX Warning: `!h' float specifier changed to `!ht'.

<images/los_angeles_hospitalizations_strains_log.png, id=71, 1355.0625pt x 903.
375pt>
File: images/los_angeles_hospitalizations_strains_log.png Graphic file (type pn
g)
<use images/los_angeles_hospitalizations_strains_log.png>
Package pdftex.def Info: images/los_angeles_hospitalizations_strains_log.png  u
sed on input line 161.
(pdftex.def)             Requested size: 455.24408pt x 303.49057pt.

LaTeX Warning: `!h' float specifier changed to `!ht'.

<images/san_bernardino_hospitalizations_strains_log.png, id=72, 1355.0625pt x 9
03.375pt>
File: images/san_bernardino_hospitalizations_strains_log.png Graphic file (type
 png)
<use images/san_bernardino_hospitalizations_strains_log.png>
Package pdftex.def Info: images/san_bernardino_hospitalizations_strains_log.png
  used on input line 168.
(pdftex.def)             Requested size: 455.24408pt x 303.49057pt.

LaTeX Warning: `!h' float specifier changed to `!ht'.

<images/san_francisco_hospitalizations_strains_log.png, id=73, 1355.0625pt x 90
3.375pt>
File: images/san_francisco_hospitalizations_strains_log.png Graphic file (type 
png)
<use images/san_francisco_hospitalizations_strains_log.png>
Package pdftex.def Info: images/san_francisco_hospitalizations_strains_log.png 
 used on input line 175.
(pdftex.def)             Requested size: 455.24408pt x 303.49057pt.

LaTeX Warning: `!h' float specifier changed to `!ht'.

<images/travis_hospitalizations_strains_log.png, id=74, 1355.0625pt x 903.375pt
>
File: images/travis_hospitalizations_strains_log.png Graphic file (type png)
<use images/travis_hospitalizations_strains_log.png>
Package pdftex.def Info: images/travis_hospitalizations_strains_log.png  used o
n input line 181.
(pdftex.def)             Requested size: 455.24408pt x 303.49057pt.

LaTeX Warning: `!h' float specifier changed to `!ht'.

<images/dallas_hospitalizations_strains_log.png, id=75, 1355.0625pt x 903.375pt
>
File: images/dallas_hospitalizations_strains_log.png Graphic file (type png)
<use images/dallas_hospitalizations_strains_log.png>
Package pdftex.def Info: images/dallas_hospitalizations_strains_log.png  used o
n input line 187.
(pdftex.def)             Requested size: 455.24408pt x 303.49057pt.

LaTeX Warning: `!h' float specifier changed to `!ht'.

<images/harris_hospitalizations_strains_log.png, id=76, 1355.0625pt x 903.375pt
>
File: images/harris_hospitalizations_strains_log.png Graphic file (type png)
<use images/harris_hospitalizations_strains_log.png>
Package pdftex.def Info: images/harris_hospitalizations_strains_log.png  used o
n input line 193.
(pdftex.def)             Requested size: 455.24408pt x 303.49057pt.

LaTeX Warning: `!h' float specifier changed to `!ht'.

[13] [14] [15 <./images/dade_hospitalizations_strains_log.png>] [16 <./images/b
roward_hospitalizations_strains_log.png>] [17 <./images/orange_hospitalizations
_strains_log.png>] [18 <./images/los_angeles_hospitalizations_strains_log.png>]
[19 <./images/san_bernardino_hospitalizations_strains_log.png>] [20 <./images/s
an_francisco_hospitalizations_strains_log.png>] [21 <./images/travis_hospitaliz
ations_strains_log.png>] [22 <./images/dallas_hospitalizations_strains_log.png>
] [23 <./images/harris_hospitalizations_strains_log.png>] [24

]
File: legends/variant_strains_legend.png Graphic file (type png)
<use legends/variant_strains_legend.png>
Package pdftex.def Info: legends/variant_strains_legend.png  used on input line
 220.
(pdftex.def)             Requested size: 455.24408pt x 303.49057pt.
<images/dade_fatalities_strains_log.png, id=124, 1355.0625pt x 903.375pt>
File: images/dade_fatalities_strains_log.png Graphic file (type png)
<use images/dade_fatalities_strains_log.png>
Package pdftex.def Info: images/dade_fatalities_strains_log.png  used on input 
line 226.
(pdftex.def)             Requested size: 455.24408pt x 303.49057pt.


LaTeX Warning: `!h' float specifier changed to `!ht'.

<images/broward_fatalities_strains_log.png, id=125, 1355.0625pt x 903.375pt>
File: images/broward_fatalities_strains_log.png Graphic file (type png)
<use images/broward_fatalities_strains_log.png>
Package pdftex.def Info: images/broward_fatalities_strains_log.png  used on inp
ut line 232.
(pdftex.def)             Requested size: 455.24408pt x 303.49057pt.

LaTeX Warning: `!h' float specifier changed to `!ht'.

<images/orange_fatalities_strains_log.png, id=126, 1355.0625pt x 903.375pt>
File: images/orange_fatalities_strains_log.png Graphic file (type png)
<use images/orange_fatalities_strains_log.png>
Package pdftex.def Info: images/orange_fatalities_strains_log.png  used on inpu
t line 239.
(pdftex.def)             Requested size: 455.24408pt x 303.49057pt.

LaTeX Warning: `!h' float specifier changed to `!ht'.

<images/los_angeles_fatalities_strains_log.png, id=127, 1355.0625pt x 903.375pt
>
File: images/los_angeles_fatalities_strains_log.png Graphic file (type png)
<use images/los_angeles_fatalities_strains_log.png>
Package pdftex.def Info: images/los_angeles_fatalities_strains_log.png  used on
 input line 246.
(pdftex.def)             Requested size: 455.24408pt x 303.49057pt.

LaTeX Warning: `!h' float specifier changed to `!ht'.

<images/san_bernardino_fatalities_strains_log.png, id=128, 1355.0625pt x 903.37
5pt>
File: images/san_bernardino_fatalities_strains_log.png Graphic file (type png)
<use images/san_bernardino_fatalities_strains_log.png>
Package pdftex.def Info: images/san_bernardino_fatalities_strains_log.png  used
 on input line 252.
(pdftex.def)             Requested size: 455.24408pt x 303.49057pt.

LaTeX Warning: `!h' float specifier changed to `!ht'.

<images/san_francisco_fatalities_strains_log.png, id=129, 1355.0625pt x 903.375
pt>
File: images/san_francisco_fatalities_strains_log.png Graphic file (type png)
<use images/san_francisco_fatalities_strains_log.png>
Package pdftex.def Info: images/san_francisco_fatalities_strains_log.png  used 
on input line 259.
(pdftex.def)             Requested size: 455.24408pt x 303.49057pt.

LaTeX Warning: `!h' float specifier changed to `!ht'.

<images/travis_fatalities_strains_log.png, id=130, 1355.0625pt x 903.375pt>
File: images/travis_fatalities_strains_log.png Graphic file (type png)
<use images/travis_fatalities_strains_log.png>
Package pdftex.def Info: images/travis_fatalities_strains_log.png  used on inpu
t line 266.
(pdftex.def)             Requested size: 455.24408pt x 303.49057pt.

LaTeX Warning: `!h' float specifier changed to `!ht'.

<images/dallas_fatalities_strains_log.png, id=131, 1355.0625pt x 903.375pt>
File: images/dallas_fatalities_strains_log.png Graphic file (type png)
<use images/dallas_fatalities_strains_log.png>
Package pdftex.def Info: images/dallas_fatalities_strains_log.png  used on inpu
t line 272.
(pdftex.def)             Requested size: 455.24408pt x 303.49057pt.

LaTeX Warning: `!h' float specifier changed to `!ht'.

<images/harris_fatalities_strains_log.png, id=132, 1355.0625pt x 903.375pt>
File: images/harris_fatalities_strains_log.png Graphic file (type png)
<use images/harris_fatalities_strains_log.png>
Package pdftex.def Info: images/harris_fatalities_strains_log.png  used on inpu
t line 278.
(pdftex.def)             Requested size: 455.24408pt x 303.49057pt.

LaTeX Warning: `!h' float specifier changed to `!ht'.

[25] [26 <./images/dade_fatalities_strains_log.png>] [27 <./images/broward_fata
lities_strains_log.png>] [28 <./images/orange_fatalities_strains_log.png>]
[29 <./images/los_angeles_fatalities_strains_log.png>] [30 <./images/san_bernar
dino_fatalities_strains_log.png>] [31 <./images/san_francisco_fatalities_strain
s_log.png>] [32 <./images/travis_fatalities_strains_log.png>] [33 <./images/dal
las_fatalities_strains_log.png>] [34 <./images/harris_fatalities_strains_log.pn
g>] [35

]
<legends/holiday_legend.png, id=177, 1355.0625pt x 903.375pt>
File: legends/holiday_legend.png Graphic file (type png)
<use legends/holiday_legend.png>
Package pdftex.def Info: legends/holiday_legend.png  used on input line 302.
(pdftex.def)             Requested size: 455.24408pt x 303.49057pt.
<images/dade_cases_holiday_log.png, id=178, 1355.0625pt x 903.375pt>
File: images/dade_cases_holiday_log.png Graphic file (type png)
<use images/dade_cases_holiday_log.png>
Package pdftex.def Info: images/dade_cases_holiday_log.png  used on input line 
308.
(pdftex.def)             Requested size: 455.24408pt x 303.49057pt.


LaTeX Warning: `!h' float specifier changed to `!ht'.

<images/broward_cases_holiday_log.png, id=179, 1355.0625pt x 903.375pt>
File: images/broward_cases_holiday_log.png Graphic file (type png)
<use images/broward_cases_holiday_log.png>
Package pdftex.def Info: images/broward_cases_holiday_log.png  used on input li
ne 314.
(pdftex.def)             Requested size: 455.24408pt x 303.49057pt.

LaTeX Warning: `!h' float specifier changed to `!ht'.

<images/orange_cases_holiday_log.png, id=180, 1355.0625pt x 903.375pt>
File: images/orange_cases_holiday_log.png Graphic file (type png)
<use images/orange_cases_holiday_log.png>
Package pdftex.def Info: images/orange_cases_holiday_log.png  used on input lin
e 320.
(pdftex.def)             Requested size: 455.24408pt x 303.49057pt.

LaTeX Warning: `!h' float specifier changed to `!ht'.

<images/los_angeles_cases_holiday_log.png, id=181, 1355.0625pt x 903.375pt>
File: images/los_angeles_cases_holiday_log.png Graphic file (type png)
<use images/los_angeles_cases_holiday_log.png>
Package pdftex.def Info: images/los_angeles_cases_holiday_log.png  used on inpu
t line 326.
(pdftex.def)             Requested size: 455.24408pt x 303.49057pt.

LaTeX Warning: `!h' float specifier changed to `!ht'.

<images/san_bernardino_cases_holiday_log.png, id=182, 1355.0625pt x 903.375pt>
File: images/san_bernardino_cases_holiday_log.png Graphic file (type png)
<use images/san_bernardino_cases_holiday_log.png>
Package pdftex.def Info: images/san_bernardino_cases_holiday_log.png  used on i
nput line 333.
(pdftex.def)             Requested size: 455.24408pt x 303.49057pt.

LaTeX Warning: `!h' float specifier changed to `!ht'.

<images/san_francisco_cases_holiday_log.png, id=183, 1355.0625pt x 903.375pt>
File: images/san_francisco_cases_holiday_log.png Graphic file (type png)
<use images/san_francisco_cases_holiday_log.png>
Package pdftex.def Info: images/san_francisco_cases_holiday_log.png  used on in
put line 340.
(pdftex.def)             Requested size: 455.24408pt x 303.49057pt.

LaTeX Warning: `!h' float specifier changed to `!ht'.

<images/travis_cases_holiday_log.png, id=184, 1355.0625pt x 903.375pt>
File: images/travis_cases_holiday_log.png Graphic file (type png)
<use images/travis_cases_holiday_log.png>
Package pdftex.def Info: images/travis_cases_holiday_log.png  used on input lin
e 347.
(pdftex.def)             Requested size: 455.24408pt x 303.49057pt.

LaTeX Warning: `!h' float specifier changed to `!ht'.

<images/dallas_cases_holiday_log.png, id=185, 1355.0625pt x 903.375pt>
File: images/dallas_cases_holiday_log.png Graphic file (type png)
<use images/dallas_cases_holiday_log.png>
Package pdftex.def Info: images/dallas_cases_holiday_log.png  used on input lin
e 353.
(pdftex.def)             Requested size: 455.24408pt x 303.49057pt.

LaTeX Warning: `!h' float specifier changed to `!ht'.

<images/harris_cases_holiday_log.png, id=186, 1355.0625pt x 903.375pt>
File: images/harris_cases_holiday_log.png Graphic file (type png)
<use images/harris_cases_holiday_log.png>
Package pdftex.def Info: images/harris_cases_holiday_log.png  used on input lin
e 359.
(pdftex.def)             Requested size: 455.24408pt x 303.49057pt.

LaTeX Warning: `!h' float specifier changed to `!ht'.

[36 <./legends/holiday_legend.png>] [37 <./images/dade_cases_holiday_log.png>]
[38 <./images/broward_cases_holiday_log.png>] [39 <./images/orange_cases_holida
y_log.png>] [40 <./images/los_angeles_cases_holiday_log.png>] [41 <./images/san
_bernardino_cases_holiday_log.png>] [42 <./images/san_francisco_cases_holiday_l
og.png>] [43 <./images/travis_cases_holiday_log.png>] [44 <./images/dallas_case
s_holiday_log.png>] [45 <./images/harris_cases_holiday_log.png>]
File: legends/holiday_legend.png Graphic file (type png)
<use legends/holiday_legend.png>
Package pdftex.def Info: legends/holiday_legend.png  used on input line 375.
(pdftex.def)             Requested size: 455.24408pt x 303.49057pt.


LaTeX Warning: `!h' float specifier changed to `!ht'.

<images/dade_hospitalizations_holiday_log.png, id=229, 1355.0625pt x 903.375pt>

File: images/dade_hospitalizations_holiday_log.png Graphic file (type png)
<use images/dade_hospitalizations_holiday_log.png>
Package pdftex.def Info: images/dade_hospitalizations_holiday_log.png  used on 
input line 381.
(pdftex.def)             Requested size: 455.24408pt x 303.49057pt.

LaTeX Warning: `!h' float specifier changed to `!ht'.

<images/broward_hospitalizations_holiday_log.png, id=230, 1355.0625pt x 903.375
pt>
File: images/broward_hospitalizations_holiday_log.png Graphic file (type png)
<use images/broward_hospitalizations_holiday_log.png>
Package pdftex.def Info: images/broward_hospitalizations_holiday_log.png  used 
on input line 387.
(pdftex.def)             Requested size: 455.24408pt x 303.49057pt.

LaTeX Warning: `!h' float specifier changed to `!ht'.

<images/orange_hospitalizations_holiday_log.png, id=231, 1355.0625pt x 903.375p
t>
File: images/orange_hospitalizations_holiday_log.png Graphic file (type png)
<use images/orange_hospitalizations_holiday_log.png>
Package pdftex.def Info: images/orange_hospitalizations_holiday_log.png  used o
n input line 393.
(pdftex.def)             Requested size: 455.24408pt x 303.49057pt.

LaTeX Warning: `!h' float specifier changed to `!ht'.

<images/los_angeles_hospitalizations_holiday_log.png, id=232, 1355.0625pt x 903
.375pt>
File: images/los_angeles_hospitalizations_holiday_log.png Graphic file (type pn
g)
<use images/los_angeles_hospitalizations_holiday_log.png>
Package pdftex.def Info: images/los_angeles_hospitalizations_holiday_log.png  u
sed on input line 399.
(pdftex.def)             Requested size: 455.24408pt x 303.49057pt.

LaTeX Warning: `!h' float specifier changed to `!ht'.

<images/san_bernardino_hospitalizations_holiday_log.png, id=233, 1355.0625pt x 
903.375pt>
File: images/san_bernardino_hospitalizations_holiday_log.png Graphic file (type
 png)
<use images/san_bernardino_hospitalizations_holiday_log.png>
Package pdftex.def Info: images/san_bernardino_hospitalizations_holiday_log.png
  used on input line 405.
(pdftex.def)             Requested size: 455.24408pt x 303.49057pt.

LaTeX Warning: `!h' float specifier changed to `!ht'.

<images/san_francisco_hospitalizations_holiday_log.png, id=234, 1355.0625pt x 9
03.375pt>
File: images/san_francisco_hospitalizations_holiday_log.png Graphic file (type 
png)
<use images/san_francisco_hospitalizations_holiday_log.png>
Package pdftex.def Info: images/san_francisco_hospitalizations_holiday_log.png 
 used on input line 411.
(pdftex.def)             Requested size: 455.24408pt x 303.49057pt.

LaTeX Warning: `!h' float specifier changed to `!ht'.

<images/travis_hospitalizations_holiday_log.png, id=235, 1355.0625pt x 903.375p
t>
File: images/travis_hospitalizations_holiday_log.png Graphic file (type png)
<use images/travis_hospitalizations_holiday_log.png>
Package pdftex.def Info: images/travis_hospitalizations_holiday_log.png  used o
n input line 417.
(pdftex.def)             Requested size: 455.24408pt x 303.49057pt.

LaTeX Warning: `!h' float specifier changed to `!ht'.

<images/dallas_hospitalizations_holiday_log.png, id=236, 1355.0625pt x 903.375p
t>
File: images/dallas_hospitalizations_holiday_log.png Graphic file (type png)
<use images/dallas_hospitalizations_holiday_log.png>
Package pdftex.def Info: images/dallas_hospitalizations_holiday_log.png  used o
n input line 423.
(pdftex.def)             Requested size: 455.24408pt x 303.49057pt.

LaTeX Warning: `!h' float specifier changed to `!ht'.

<images/harris_hospitalizations_holiday_log.png, id=237, 1355.0625pt x 903.375p
t>
File: images/harris_hospitalizations_holiday_log.png Graphic file (type png)
<use images/harris_hospitalizations_holiday_log.png>
Package pdftex.def Info: images/harris_hospitalizations_holiday_log.png  used o
n input line 429.
(pdftex.def)             Requested size: 455.24408pt x 303.49057pt.

LaTeX Warning: `!h' float specifier changed to `!ht'.

[46

] [47] [48 <./images/dade_hospitalizations_holiday_log.png>] [49 <./images/brow
ard_hospitalizations_holiday_log.png>] [50 <./images/orange_hospitalizations_ho
liday_log.png>] [51 <./images/los_angeles_hospitalizations_holiday_log.png>] [5
2 <./images/san_bernardino_hospitalizations_holiday_log.png>] [53 <./images/san
_francisco_hospitalizations_holiday_log.png>] [54 <./images/travis_hospitalizat
ions_holiday_log.png>] [55 <./images/dallas_hospitalizations_holiday_log.png>] 
[56 <./images/harris_hospitalizations_holiday_log.png>]
File: legends/holiday_legend.png Graphic file (type png)
<use legends/holiday_legend.png>
Package pdftex.def Info: legends/holiday_legend.png  used on input line 445.
(pdftex.def)             Requested size: 455.24408pt x 303.49057pt.


LaTeX Warning: `!h' float specifier changed to `!ht'.

<images/dade_fatalities_holiday_log.png, id=283, 1355.0625pt x 903.375pt>
File: images/dade_fatalities_holiday_log.png Graphic file (type png)
<use images/dade_fatalities_holiday_log.png>
Package pdftex.def Info: images/dade_fatalities_holiday_log.png  used on input 
line 451.
(pdftex.def)             Requested size: 455.24408pt x 303.49057pt.

LaTeX Warning: `!h' float specifier changed to `!ht'.

<images/broward_fatalities_holiday_log.png, id=284, 1355.0625pt x 903.375pt>
File: images/broward_fatalities_holiday_log.png Graphic file (type png)
<use images/broward_fatalities_holiday_log.png>
Package pdftex.def Info: images/broward_fatalities_holiday_log.png  used on inp
ut line 457.
(pdftex.def)             Requested size: 455.24408pt x 303.49057pt.

LaTeX Warning: `!h' float specifier changed to `!ht'.

<images/orange_fatalities_holiday_log.png, id=285, 1355.0625pt x 903.375pt>
File: images/orange_fatalities_holiday_log.png Graphic file (type png)
<use images/orange_fatalities_holiday_log.png>
Package pdftex.def Info: images/orange_fatalities_holiday_log.png  used on inpu
t line 463.
(pdftex.def)             Requested size: 455.24408pt x 303.49057pt.

LaTeX Warning: `!h' float specifier changed to `!ht'.

<images/los_angeles_fatalities_holiday_log.png, id=286, 1355.0625pt x 903.375pt
>
File: images/los_angeles_fatalities_holiday_log.png Graphic file (type png)
<use images/los_angeles_fatalities_holiday_log.png>
Package pdftex.def Info: images/los_angeles_fatalities_holiday_log.png  used on
 input line 469.
(pdftex.def)             Requested size: 455.24408pt x 303.49057pt.

LaTeX Warning: `!h' float specifier changed to `!ht'.

<images/san_bernardino_fatalities_holiday_log.png, id=287, 1355.0625pt x 903.37
5pt>
File: images/san_bernardino_fatalities_holiday_log.png Graphic file (type png)
<use images/san_bernardino_fatalities_holiday_log.png>
Package pdftex.def Info: images/san_bernardino_fatalities_holiday_log.png  used
 on input line 475.
(pdftex.def)             Requested size: 455.24408pt x 303.49057pt.

LaTeX Warning: `!h' float specifier changed to `!ht'.

<images/san_francisco_fatalities_holiday_log.png, id=288, 1355.0625pt x 903.375
pt>
File: images/san_francisco_fatalities_holiday_log.png Graphic file (type png)
<use images/san_francisco_fatalities_holiday_log.png>
Package pdftex.def Info: images/san_francisco_fatalities_holiday_log.png  used 
on input line 481.
(pdftex.def)             Requested size: 455.24408pt x 303.49057pt.

LaTeX Warning: `!h' float specifier changed to `!ht'.

<images/travis_fatalities_holiday_log.png, id=289, 1355.0625pt x 903.375pt>
File: images/travis_fatalities_holiday_log.png Graphic file (type png)
<use images/travis_fatalities_holiday_log.png>
Package pdftex.def Info: images/travis_fatalities_holiday_log.png  used on inpu
t line 487.
(pdftex.def)             Requested size: 455.24408pt x 303.49057pt.

LaTeX Warning: `!h' float specifier changed to `!ht'.

[57

] [58] [59 <./images/dade_fatalities_holiday_log.png>] [60 <./images/broward_fa
talities_holiday_log.png>] [61 <./images/orange_fatalities_holiday_log.png>] [6
2 <./images/los_angeles_fatalities_holiday_log.png>] [63 <./images/san_bernardi
no_fatalities_holiday_log.png>] [64 <./images/san_francisco_fatalities_holiday_
log.png>] [65 <./images/travis_fatalities_holiday_log.png>]
<legends/dade_mask_order_legend.png, id=325, 1355.0625pt x 903.375pt>
File: legends/dade_mask_order_legend.png Graphic file (type png)
<use legends/dade_mask_order_legend.png>
Package pdftex.def Info: legends/dade_mask_order_legend.png  used on input line
 502.
(pdftex.def)             Requested size: 455.24408pt x 303.49057pt.


LaTeX Warning: `!h' float specifier changed to `!ht'.

<images/dade_mask_order_log.png, id=326, 1355.0625pt x 903.375pt>
File: images/dade_mask_order_log.png Graphic file (type png)
<use images/dade_mask_order_log.png>
Package pdftex.def Info: images/dade_mask_order_log.png  used on input line 508
.
(pdftex.def)             Requested size: 455.24408pt x 303.49057pt.

LaTeX Warning: `!h' float specifier changed to `!ht'.

<legends/broward_mask_order_legend.png, id=327, 1355.0625pt x 903.375pt>
File: legends/broward_mask_order_legend.png Graphic file (type png)
<use legends/broward_mask_order_legend.png>
Package pdftex.def Info: legends/broward_mask_order_legend.png  used on input l
ine 514.
(pdftex.def)             Requested size: 455.24408pt x 303.49057pt.

LaTeX Warning: `!h' float specifier changed to `!ht'.

<images/broward_mask_order_log.png, id=328, 1355.0625pt x 903.375pt>
File: images/broward_mask_order_log.png Graphic file (type png)
<use images/broward_mask_order_log.png>
Package pdftex.def Info: images/broward_mask_order_log.png  used on input line 
520.
(pdftex.def)             Requested size: 455.24408pt x 303.49057pt.

LaTeX Warning: `!h' float specifier changed to `!ht'.

<legends/orange_mask_order_legend.png, id=329, 1355.0625pt x 903.375pt>
File: legends/orange_mask_order_legend.png Graphic file (type png)
<use legends/orange_mask_order_legend.png>
Package pdftex.def Info: legends/orange_mask_order_legend.png  used on input li
ne 526.
(pdftex.def)             Requested size: 455.24408pt x 303.49057pt.

LaTeX Warning: `!h' float specifier changed to `!ht'.

<images/orange_mask_order_log.png, id=330, 1355.0625pt x 903.375pt>
File: images/orange_mask_order_log.png Graphic file (type png)
<use images/orange_mask_order_log.png>
Package pdftex.def Info: images/orange_mask_order_log.png  used on input line 5
32.
(pdftex.def)             Requested size: 455.24408pt x 303.49057pt.

LaTeX Warning: `!h' float specifier changed to `!ht'.

<legends/los_angeles_mask_order_legend.png, id=331, 1355.0625pt x 903.375pt>
File: legends/los_angeles_mask_order_legend.png Graphic file (type png)
<use legends/los_angeles_mask_order_legend.png>
Package pdftex.def Info: legends/los_angeles_mask_order_legend.png  used on inp
ut line 539.
(pdftex.def)             Requested size: 455.24408pt x 303.49057pt.

LaTeX Warning: `!h' float specifier changed to `!ht'.

<images/los_angeles_mask_order_log.png, id=332, 1355.0625pt x 903.375pt>
File: images/los_angeles_mask_order_log.png Graphic file (type png)
<use images/los_angeles_mask_order_log.png>
Package pdftex.def Info: images/los_angeles_mask_order_log.png  used on input l
ine 545.
(pdftex.def)             Requested size: 455.24408pt x 303.49057pt.

LaTeX Warning: `!h' float specifier changed to `!ht'.

<legends/san_bernardino_mask_order_legend.png, id=333, 1355.0625pt x 903.375pt>

File: legends/san_bernardino_mask_order_legend.png Graphic file (type png)
<use legends/san_bernardino_mask_order_legend.png>
Package pdftex.def Info: legends/san_bernardino_mask_order_legend.png  used on 
input line 552.
(pdftex.def)             Requested size: 455.24408pt x 303.49057pt.

LaTeX Warning: `!h' float specifier changed to `!ht'.

<images/san_bernardino_mask_order_log.png, id=334, 1355.0625pt x 903.375pt>
File: images/san_bernardino_mask_order_log.png Graphic file (type png)
<use images/san_bernardino_mask_order_log.png>
Package pdftex.def Info: images/san_bernardino_mask_order_log.png  used on inpu
t line 558.
(pdftex.def)             Requested size: 455.24408pt x 303.49057pt.

LaTeX Warning: `!h' float specifier changed to `!ht'.

<legends/san_francisco_mask_order_legend.png, id=335, 1355.0625pt x 903.375pt>
File: legends/san_francisco_mask_order_legend.png Graphic file (type png)
<use legends/san_francisco_mask_order_legend.png>
Package pdftex.def Info: legends/san_francisco_mask_order_legend.png  used on i
nput line 564.
(pdftex.def)             Requested size: 455.24408pt x 303.49057pt.

LaTeX Warning: `!h' float specifier changed to `!ht'.

<images/san_francisco_mask_order_log.png, id=336, 1355.0625pt x 903.375pt>
File: images/san_francisco_mask_order_log.png Graphic file (type png)
<use images/san_francisco_mask_order_log.png>
Package pdftex.def Info: images/san_francisco_mask_order_log.png  used on input
 line 570.
(pdftex.def)             Requested size: 455.24408pt x 303.49057pt.

LaTeX Warning: `!h' float specifier changed to `!ht'.

<legends/travis_mask_order_legend.png, id=337, 1355.0625pt x 903.375pt>
File: legends/travis_mask_order_legend.png Graphic file (type png)
<use legends/travis_mask_order_legend.png>
Package pdftex.def Info: legends/travis_mask_order_legend.png  used on input li
ne 576.
(pdftex.def)             Requested size: 455.24408pt x 303.49057pt.

LaTeX Warning: `!h' float specifier changed to `!ht'.

<images/travis_mask_order_log.png, id=338, 1355.0625pt x 903.375pt>
File: images/travis_mask_order_log.png Graphic file (type png)
<use images/travis_mask_order_log.png>
Package pdftex.def Info: images/travis_mask_order_log.png  used on input line 5
82.
(pdftex.def)             Requested size: 455.24408pt x 303.49057pt.

LaTeX Warning: `!h' float specifier changed to `!ht'.

<legends/dallas_mask_order_legend.png, id=339, 1355.0625pt x 903.375pt>
File: legends/dallas_mask_order_legend.png Graphic file (type png)
<use legends/dallas_mask_order_legend.png>
Package pdftex.def Info: legends/dallas_mask_order_legend.png  used on input li
ne 588.
(pdftex.def)             Requested size: 455.24408pt x 303.49057pt.

LaTeX Warning: `!h' float specifier changed to `!ht'.

<images/dallas_mask_order_log.png, id=340, 1355.0625pt x 903.375pt>
File: images/dallas_mask_order_log.png Graphic file (type png)
<use images/dallas_mask_order_log.png>
Package pdftex.def Info: images/dallas_mask_order_log.png  used on input line 5
94.
(pdftex.def)             Requested size: 455.24408pt x 303.49057pt.

LaTeX Warning: `!h' float specifier changed to `!ht'.

<legends/harris_mask_order_legend.png, id=341, 1355.0625pt x 903.375pt>
File: legends/harris_mask_order_legend.png Graphic file (type png)
<use legends/harris_mask_order_legend.png>
Package pdftex.def Info: legends/harris_mask_order_legend.png  used on input li
ne 600.
(pdftex.def)             Requested size: 455.24408pt x 303.49057pt.

LaTeX Warning: `!h' float specifier changed to `!ht'.

<images/harris_mask_order_log.png, id=342, 1355.0625pt x 903.375pt>
File: images/harris_mask_order_log.png Graphic file (type png)
<use images/harris_mask_order_log.png>
Package pdftex.def Info: images/harris_mask_order_log.png  used on input line 6
06.
(pdftex.def)             Requested size: 455.24408pt x 303.49057pt.

LaTeX Warning: `!h' float specifier changed to `!ht'.

[66

] [67 <./legends/dade_mask_order_legend.png>] [68 <./images/dade_mask_order_log
.png>] [69 <./legends/broward_mask_order_legend.png>] [70 <./images/broward_mas
k_order_log.png>] [71 <./legends/orange_mask_order_legend.png>] [72 <./images/o
range_mask_order_log.png>] [73 <./legends/los_angeles_mask_order_legend.png>] [
74 <./images/los_angeles_mask_order_log.png>] [75 <./legends/san_bernardino_mas
k_order_legend.png>] [76 <./images/san_bernardino_mask_order_log.png>]
[77 <./legends/san_francisco_mask_order_legend.png>] [78 <./images/san_francisc
o_mask_order_log.png>] [79 <./legends/travis_mask_order_legend.png>] [80 <./ima
ges/travis_mask_order_log.png>] [81 <./legends/dallas_mask_order_legend.png>]
[82 <./images/dallas_mask_order_log.png>] [83 <./legends/harris_mask_order_lege
nd.png>] [84 <./images/harris_mask_order_log.png>]
File: legends/dade_mask_order_legend.png Graphic file (type png)
<use legends/dade_mask_order_legend.png>
Package pdftex.def Info: legends/dade_mask_order_legend.png  used on input line
 623.
(pdftex.def)             Requested size: 455.24408pt x 303.49057pt.


LaTeX Warning: `!h' float specifier changed to `!ht'.

<images/dade_mask_order_hospitalizations_log.png, id=421, 1355.0625pt x 903.375
pt>
File: images/dade_mask_order_hospitalizations_log.png Graphic file (type png)
<use images/dade_mask_order_hospitalizations_log.png>
Package pdftex.def Info: images/dade_mask_order_hospitalizations_log.png  used 
on input line 629.
(pdftex.def)             Requested size: 455.24408pt x 303.49057pt.

LaTeX Warning: `!h' float specifier changed to `!ht'.

File: legends/broward_mask_order_legend.png Graphic file (type png)
<use legends/broward_mask_order_legend.png>
Package pdftex.def Info: legends/broward_mask_order_legend.png  used on input l
ine 635.
(pdftex.def)             Requested size: 455.24408pt x 303.49057pt.

LaTeX Warning: `!h' float specifier changed to `!ht'.

<images/broward_mask_order_hospitalizations_log.png, id=422, 1355.0625pt x 903.
375pt>
File: images/broward_mask_order_hospitalizations_log.png Graphic file (type png
)
<use images/broward_mask_order_hospitalizations_log.png>
Package pdftex.def Info: images/broward_mask_order_hospitalizations_log.png  us
ed on input line 641.
(pdftex.def)             Requested size: 455.24408pt x 303.49057pt.

LaTeX Warning: `!h' float specifier changed to `!ht'.

File: legends/orange_mask_order_legend.png Graphic file (type png)
<use legends/orange_mask_order_legend.png>
Package pdftex.def Info: legends/orange_mask_order_legend.png  used on input li
ne 647.
(pdftex.def)             Requested size: 455.24408pt x 303.49057pt.

LaTeX Warning: `!h' float specifier changed to `!ht'.

<images/orange_mask_order_hospitalizations_log.png, id=423, 1355.0625pt x 903.3
75pt>
File: images/orange_mask_order_hospitalizations_log.png Graphic file (type png)

<use images/orange_mask_order_hospitalizations_log.png>
Package pdftex.def Info: images/orange_mask_order_hospitalizations_log.png  use
d on input line 653.
(pdftex.def)             Requested size: 455.24408pt x 303.49057pt.

LaTeX Warning: `!h' float specifier changed to `!ht'.

File: legends/los_angeles_mask_order_legend.png Graphic file (type png)
<use legends/los_angeles_mask_order_legend.png>
Package pdftex.def Info: legends/los_angeles_mask_order_legend.png  used on inp
ut line 659.
(pdftex.def)             Requested size: 455.24408pt x 303.49057pt.

LaTeX Warning: `!h' float specifier changed to `!ht'.

<images/los_angeles_mask_order_hospitalizations_log.png, id=424, 1355.0625pt x 
903.375pt>
File: images/los_angeles_mask_order_hospitalizations_log.png Graphic file (type
 png)
<use images/los_angeles_mask_order_hospitalizations_log.png>
Package pdftex.def Info: images/los_angeles_mask_order_hospitalizations_log.png
  used on input line 665.
(pdftex.def)             Requested size: 455.24408pt x 303.49057pt.

LaTeX Warning: `!h' float specifier changed to `!ht'.

File: legends/san_bernardino_mask_order_legend.png Graphic file (type png)
<use legends/san_bernardino_mask_order_legend.png>
Package pdftex.def Info: legends/san_bernardino_mask_order_legend.png  used on 
input line 671.
(pdftex.def)             Requested size: 455.24408pt x 303.49057pt.

LaTeX Warning: `!h' float specifier changed to `!ht'.

<images/san_bernardino_mask_order_hospitalizations_log.png, id=425, 1355.0625pt
 x 903.375pt>
File: images/san_bernardino_mask_order_hospitalizations_log.png Graphic file (t
ype png)
<use images/san_bernardino_mask_order_hospitalizations_log.png>
Package pdftex.def Info: images/san_bernardino_mask_order_hospitalizations_log.
png  used on input line 677.
(pdftex.def)             Requested size: 455.24408pt x 303.49057pt.

LaTeX Warning: `!h' float specifier changed to `!ht'.

File: legends/san_francisco_mask_order_legend.png Graphic file (type png)
<use legends/san_francisco_mask_order_legend.png>
Package pdftex.def Info: legends/san_francisco_mask_order_legend.png  used on i
nput line 683.
(pdftex.def)             Requested size: 455.24408pt x 303.49057pt.

LaTeX Warning: `!h' float specifier changed to `!ht'.

<images/san_francisco_mask_order_hospitalizations_log.png, id=426, 1355.0625pt 
x 903.375pt>
File: images/san_francisco_mask_order_hospitalizations_log.png Graphic file (ty
pe png)
<use images/san_francisco_mask_order_hospitalizations_log.png>
Package pdftex.def Info: images/san_francisco_mask_order_hospitalizations_log.p
ng  used on input line 689.
(pdftex.def)             Requested size: 455.24408pt x 303.49057pt.

LaTeX Warning: `!h' float specifier changed to `!ht'.

File: legends/travis_mask_order_legend.png Graphic file (type png)
<use legends/travis_mask_order_legend.png>
Package pdftex.def Info: legends/travis_mask_order_legend.png  used on input li
ne 696.
(pdftex.def)             Requested size: 455.24408pt x 303.49057pt.

LaTeX Warning: `!h' float specifier changed to `!ht'.

<images/travis_mask_order_hospitalizations_log.png, id=427, 1355.0625pt x 903.3
75pt>
File: images/travis_mask_order_hospitalizations_log.png Graphic file (type png)

<use images/travis_mask_order_hospitalizations_log.png>
Package pdftex.def Info: images/travis_mask_order_hospitalizations_log.png  use
d on input line 702.
(pdftex.def)             Requested size: 455.24408pt x 303.49057pt.

LaTeX Warning: `!h' float specifier changed to `!ht'.

File: legends/dallas_mask_order_legend.png Graphic file (type png)
<use legends/dallas_mask_order_legend.png>
Package pdftex.def Info: legends/dallas_mask_order_legend.png  used on input li
ne 708.
(pdftex.def)             Requested size: 455.24408pt x 303.49057pt.

LaTeX Warning: `!h' float specifier changed to `!ht'.

<images/dallas_mask_order_hospitalizations_log.png, id=428, 1355.0625pt x 903.3
75pt>
File: images/dallas_mask_order_hospitalizations_log.png Graphic file (type png)

<use images/dallas_mask_order_hospitalizations_log.png>
Package pdftex.def Info: images/dallas_mask_order_hospitalizations_log.png  use
d on input line 714.
(pdftex.def)             Requested size: 455.24408pt x 303.49057pt.

LaTeX Warning: `!h' float specifier changed to `!ht'.

File: legends/harris_mask_order_legend.png Graphic file (type png)
<use legends/harris_mask_order_legend.png>
Package pdftex.def Info: legends/harris_mask_order_legend.png  used on input li
ne 721.
(pdftex.def)             Requested size: 455.24408pt x 303.49057pt.

LaTeX Warning: `!h' float specifier changed to `!ht'.

<images/harris_mask_order_hospitalizations_log.png, id=429, 1355.0625pt x 903.3
75pt>
File: images/harris_mask_order_hospitalizations_log.png Graphic file (type png)

<use images/harris_mask_order_hospitalizations_log.png>
Package pdftex.def Info: images/harris_mask_order_hospitalizations_log.png  use
d on input line 728.
(pdftex.def)             Requested size: 455.24408pt x 303.49057pt.

LaTeX Warning: `!h' float specifier changed to `!ht'.

[85

] [86] [87 <./images/dade_mask_order_hospitalizations_log.png>] [88]
[89 <./images/broward_mask_order_hospitalizations_log.png>] [90] [91 <./images/
orange_mask_order_hospitalizations_log.png>] [92] [93 <./images/los_angeles_mas
k_order_hospitalizations_log.png>] [94] [95 <./images/san_bernardino_mask_order
_hospitalizations_log.png>] [96] [97 <./images/san_francisco_mask_order_hospita
lizations_log.png>] [98] [99 <./images/travis_mask_order_hospitalizations_log.p
ng>] [100] [101 <./images/dallas_mask_order_hospitalizations_log.png>] [102]
[103 <./images/harris_mask_order_hospitalizations_log.png>]
File: legends/dade_mask_order_legend.png Graphic file (type png)
<use legends/dade_mask_order_legend.png>
Package pdftex.def Info: legends/dade_mask_order_legend.png  used on input line
 743.
(pdftex.def)             Requested size: 455.24408pt x 303.49057pt.


LaTeX Warning: `!h' float specifier changed to `!ht'.

<images/dade_mask_order_fatalities_log.png, id=501, 1355.0625pt x 903.375pt>
File: images/dade_mask_order_fatalities_log.png Graphic file (type png)
<use images/dade_mask_order_fatalities_log.png>
Package pdftex.def Info: images/dade_mask_order_fatalities_log.png  used on inp
ut line 749.
(pdftex.def)             Requested size: 455.24408pt x 303.49057pt.

LaTeX Warning: `!h' float specifier changed to `!ht'.

File: legends/broward_mask_order_legend.png Graphic file (type png)
<use legends/broward_mask_order_legend.png>
Package pdftex.def Info: legends/broward_mask_order_legend.png  used on input l
ine 755.
(pdftex.def)             Requested size: 455.24408pt x 303.49057pt.

LaTeX Warning: `!h' float specifier changed to `!ht'.

<images/broward_mask_order_fatalities_log.png, id=502, 1355.0625pt x 903.375pt>

File: images/broward_mask_order_fatalities_log.png Graphic file (type png)
<use images/broward_mask_order_fatalities_log.png>
Package pdftex.def Info: images/broward_mask_order_fatalities_log.png  used on 
input line 761.
(pdftex.def)             Requested size: 455.24408pt x 303.49057pt.

LaTeX Warning: `!h' float specifier changed to `!ht'.

File: legends/orange_mask_order_legend.png Graphic file (type png)
<use legends/orange_mask_order_legend.png>
Package pdftex.def Info: legends/orange_mask_order_legend.png  used on input li
ne 767.
(pdftex.def)             Requested size: 455.24408pt x 303.49057pt.

LaTeX Warning: `!h' float specifier changed to `!ht'.

<images/orange_mask_order_fatalities_log.png, id=503, 1355.0625pt x 903.375pt>
File: images/orange_mask_order_fatalities_log.png Graphic file (type png)
<use images/orange_mask_order_fatalities_log.png>
Package pdftex.def Info: images/orange_mask_order_fatalities_log.png  used on i
nput line 773.
(pdftex.def)             Requested size: 455.24408pt x 303.49057pt.

LaTeX Warning: `!h' float specifier changed to `!ht'.

File: legends/los_angeles_mask_order_legend.png Graphic file (type png)
<use legends/los_angeles_mask_order_legend.png>
Package pdftex.def Info: legends/los_angeles_mask_order_legend.png  used on inp
ut line 779.
(pdftex.def)             Requested size: 455.24408pt x 303.49057pt.

LaTeX Warning: `!h' float specifier changed to `!ht'.

<images/los_angeles_mask_order_fatalities_log.png, id=504, 1355.0625pt x 903.37
5pt>
File: images/los_angeles_mask_order_fatalities_log.png Graphic file (type png)
<use images/los_angeles_mask_order_fatalities_log.png>
Package pdftex.def Info: images/los_angeles_mask_order_fatalities_log.png  used
 on input line 785.
(pdftex.def)             Requested size: 455.24408pt x 303.49057pt.

LaTeX Warning: `!h' float specifier changed to `!ht'.

File: legends/san_bernardino_mask_order_legend.png Graphic file (type png)
<use legends/san_bernardino_mask_order_legend.png>
Package pdftex.def Info: legends/san_bernardino_mask_order_legend.png  used on 
input line 791.
(pdftex.def)             Requested size: 455.24408pt x 303.49057pt.

LaTeX Warning: `!h' float specifier changed to `!ht'.

<images/san_bernardino_mask_order_fatalities_log.png, id=505, 1355.0625pt x 903
.375pt>
File: images/san_bernardino_mask_order_fatalities_log.png Graphic file (type pn
g)
<use images/san_bernardino_mask_order_fatalities_log.png>
Package pdftex.def Info: images/san_bernardino_mask_order_fatalities_log.png  u
sed on input line 797.
(pdftex.def)             Requested size: 455.24408pt x 303.49057pt.

LaTeX Warning: `!h' float specifier changed to `!ht'.

File: legends/san_francisco_mask_order_legend.png Graphic file (type png)
<use legends/san_francisco_mask_order_legend.png>
Package pdftex.def Info: legends/san_francisco_mask_order_legend.png  used on i
nput line 803.
(pdftex.def)             Requested size: 455.24408pt x 303.49057pt.

LaTeX Warning: `!h' float specifier changed to `!ht'.

<images/san_francisco_mask_order_fatalities_log.png, id=506, 1355.0625pt x 903.
375pt>
File: images/san_francisco_mask_order_fatalities_log.png Graphic file (type png
)
<use images/san_francisco_mask_order_fatalities_log.png>
Package pdftex.def Info: images/san_francisco_mask_order_fatalities_log.png  us
ed on input line 809.
(pdftex.def)             Requested size: 455.24408pt x 303.49057pt.

LaTeX Warning: `!h' float specifier changed to `!ht'.

File: legends/travis_mask_order_legend.png Graphic file (type png)
<use legends/travis_mask_order_legend.png>
Package pdftex.def Info: legends/travis_mask_order_legend.png  used on input li
ne 815.
(pdftex.def)             Requested size: 455.24408pt x 303.49057pt.

LaTeX Warning: `!h' float specifier changed to `!ht'.

<images/travis_mask_order_fatalities_log.png, id=507, 1355.0625pt x 903.375pt>
File: images/travis_mask_order_fatalities_log.png Graphic file (type png)
<use images/travis_mask_order_fatalities_log.png>
Package pdftex.def Info: images/travis_mask_order_fatalities_log.png  used on i
nput line 821.
(pdftex.def)             Requested size: 455.24408pt x 303.49057pt.

LaTeX Warning: `!h' float specifier changed to `!ht'.

File: legends/dallas_mask_order_legend.png Graphic file (type png)
<use legends/dallas_mask_order_legend.png>
Package pdftex.def Info: legends/dallas_mask_order_legend.png  used on input li
ne 827.
(pdftex.def)             Requested size: 455.24408pt x 303.49057pt.

LaTeX Warning: `!h' float specifier changed to `!ht'.

<images/dallas_mask_order_fatalities_log.png, id=508, 1355.0625pt x 903.375pt>
File: images/dallas_mask_order_fatalities_log.png Graphic file (type png)
<use images/dallas_mask_order_fatalities_log.png>
Package pdftex.def Info: images/dallas_mask_order_fatalities_log.png  used on i
nput line 833.
(pdftex.def)             Requested size: 455.24408pt x 303.49057pt.

LaTeX Warning: `!h' float specifier changed to `!ht'.

File: legends/harris_mask_order_legend.png Graphic file (type png)
<use legends/harris_mask_order_legend.png>
Package pdftex.def Info: legends/harris_mask_order_legend.png  used on input li
ne 839.
(pdftex.def)             Requested size: 455.24408pt x 303.49057pt.

LaTeX Warning: `!h' float specifier changed to `!ht'.

<images/harris_mask_order_fatalities_log.png, id=509, 1355.0625pt x 903.375pt>
File: images/harris_mask_order_fatalities_log.png Graphic file (type png)
<use images/harris_mask_order_fatalities_log.png>
Package pdftex.def Info: images/harris_mask_order_fatalities_log.png  used on i
nput line 845.
(pdftex.def)             Requested size: 455.24408pt x 303.49057pt.

LaTeX Warning: `!h' float specifier changed to `!ht'.

[104

] [105] [106 <./images/dade_mask_order_fatalities_log.png>] [107] [108 <./image
s/broward_mask_order_fatalities_log.png>] [109] [110 <./images/orange_mask_orde
r_fatalities_log.png>] [111] [112 <./images/los_angeles_mask_order_fatalities_l
og.png>] [113] [114 <./images/san_bernardino_mask_order_fatalities_log.png>] [1
15] [116 <./images/san_francisco_mask_order_fatalities_log.png>] [117]
[118 <./images/travis_mask_order_fatalities_log.png>] [119] [120 <./images/dall
as_mask_order_fatalities_log.png>] [121] [122 <./images/harris_mask_order_fatal
ities_log.png>]
<legends/dade_school_legend.png, id=579, 1355.0625pt x 903.375pt>
File: legends/dade_school_legend.png Graphic file (type png)
<use legends/dade_school_legend.png>
Package pdftex.def Info: legends/dade_school_legend.png  used on input line 859
.
(pdftex.def)             Requested size: 455.24408pt x 303.49057pt.


LaTeX Warning: `!h' float specifier changed to `!ht'.

<images/dade_cases_school_log.png, id=580, 1355.0625pt x 903.375pt>
File: images/dade_cases_school_log.png Graphic file (type png)
<use images/dade_cases_school_log.png>
Package pdftex.def Info: images/dade_cases_school_log.png  used on input line 8
65.
(pdftex.def)             Requested size: 455.24408pt x 303.49057pt.

LaTeX Warning: `!h' float specifier changed to `!ht'.

<legends/broward_school_legend.png, id=581, 1355.0625pt x 903.375pt>
File: legends/broward_school_legend.png Graphic file (type png)
<use legends/broward_school_legend.png>
Package pdftex.def Info: legends/broward_school_legend.png  used on input line 
871.
(pdftex.def)             Requested size: 455.24408pt x 303.49057pt.

LaTeX Warning: `!h' float specifier changed to `!ht'.

<images/broward_cases_school_log.png, id=582, 1355.0625pt x 903.375pt>
File: images/broward_cases_school_log.png Graphic file (type png)
<use images/broward_cases_school_log.png>
Package pdftex.def Info: images/broward_cases_school_log.png  used on input lin
e 877.
(pdftex.def)             Requested size: 455.24408pt x 303.49057pt.

LaTeX Warning: `!h' float specifier changed to `!ht'.

<legends/orange_school_legend.png, id=583, 1355.0625pt x 903.375pt>
File: legends/orange_school_legend.png Graphic file (type png)
<use legends/orange_school_legend.png>
Package pdftex.def Info: legends/orange_school_legend.png  used on input line 8
83.
(pdftex.def)             Requested size: 455.24408pt x 303.49057pt.

LaTeX Warning: `!h' float specifier changed to `!ht'.

<images/orange_cases_school_log.png, id=584, 1355.0625pt x 903.375pt>
File: images/orange_cases_school_log.png Graphic file (type png)
<use images/orange_cases_school_log.png>
Package pdftex.def Info: images/orange_cases_school_log.png  used on input line
 889.
(pdftex.def)             Requested size: 455.24408pt x 303.49057pt.

LaTeX Warning: `!h' float specifier changed to `!ht'.

<legends/los_angeles_school_legend.png, id=585, 1355.0625pt x 903.375pt>
File: legends/los_angeles_school_legend.png Graphic file (type png)
<use legends/los_angeles_school_legend.png>
Package pdftex.def Info: legends/los_angeles_school_legend.png  used on input l
ine 895.
(pdftex.def)             Requested size: 455.24408pt x 303.49057pt.

LaTeX Warning: `!h' float specifier changed to `!ht'.

<images/los_angeles_cases_school_log.png, id=586, 1355.0625pt x 903.375pt>
File: images/los_angeles_cases_school_log.png Graphic file (type png)
<use images/los_angeles_cases_school_log.png>
Package pdftex.def Info: images/los_angeles_cases_school_log.png  used on input
 line 901.
(pdftex.def)             Requested size: 455.24408pt x 303.49057pt.

LaTeX Warning: `!h' float specifier changed to `!ht'.

<legends/san_bernardino_school_legend.png, id=587, 1355.0625pt x 903.375pt>
File: legends/san_bernardino_school_legend.png Graphic file (type png)
<use legends/san_bernardino_school_legend.png>
Package pdftex.def Info: legends/san_bernardino_school_legend.png  used on inpu
t line 907.
(pdftex.def)             Requested size: 455.24408pt x 303.49057pt.

LaTeX Warning: `!h' float specifier changed to `!ht'.

<images/san_bernardino_cases_school_log.png, id=588, 1355.0625pt x 903.375pt>
File: images/san_bernardino_cases_school_log.png Graphic file (type png)
<use images/san_bernardino_cases_school_log.png>
Package pdftex.def Info: images/san_bernardino_cases_school_log.png  used on in
put line 913.
(pdftex.def)             Requested size: 455.24408pt x 303.49057pt.

LaTeX Warning: `!h' float specifier changed to `!ht'.

<legends/san_francisco_school_legend.png, id=589, 1355.0625pt x 903.375pt>
File: legends/san_francisco_school_legend.png Graphic file (type png)
<use legends/san_francisco_school_legend.png>
Package pdftex.def Info: legends/san_francisco_school_legend.png  used on input
 line 919.
(pdftex.def)             Requested size: 455.24408pt x 303.49057pt.

LaTeX Warning: `!h' float specifier changed to `!ht'.

<images/san_francisco_cases_school_log.png, id=590, 1355.0625pt x 903.375pt>
File: images/san_francisco_cases_school_log.png Graphic file (type png)
<use images/san_francisco_cases_school_log.png>
Package pdftex.def Info: images/san_francisco_cases_school_log.png  used on inp
ut line 925.
(pdftex.def)             Requested size: 455.24408pt x 303.49057pt.

LaTeX Warning: `!h' float specifier changed to `!ht'.

<legends/travis_school_legend.png, id=591, 1355.0625pt x 903.375pt>
File: legends/travis_school_legend.png Graphic file (type png)
<use legends/travis_school_legend.png>
Package pdftex.def Info: legends/travis_school_legend.png  used on input line 9
31.
(pdftex.def)             Requested size: 455.24408pt x 303.49057pt.

LaTeX Warning: `!h' float specifier changed to `!ht'.

<images/travis_cases_school_log.png, id=592, 1355.0625pt x 903.375pt>
File: images/travis_cases_school_log.png Graphic file (type png)
<use images/travis_cases_school_log.png>
Package pdftex.def Info: images/travis_cases_school_log.png  used on input line
 937.
(pdftex.def)             Requested size: 455.24408pt x 303.49057pt.

LaTeX Warning: `!h' float specifier changed to `!ht'.

<legends/dallas_school_legend.png, id=593, 1355.0625pt x 903.375pt>
File: legends/dallas_school_legend.png Graphic file (type png)
<use legends/dallas_school_legend.png>
Package pdftex.def Info: legends/dallas_school_legend.png  used on input line 9
43.
(pdftex.def)             Requested size: 455.24408pt x 303.49057pt.

LaTeX Warning: `!h' float specifier changed to `!ht'.

<images/dallas_cases_school_log.png, id=594, 1355.0625pt x 903.375pt>
File: images/dallas_cases_school_log.png Graphic file (type png)
<use images/dallas_cases_school_log.png>
Package pdftex.def Info: images/dallas_cases_school_log.png  used on input line
 949.
(pdftex.def)             Requested size: 455.24408pt x 303.49057pt.

LaTeX Warning: `!h' float specifier changed to `!ht'.

<legends/harris_school_legend.png, id=595, 1355.0625pt x 903.375pt>
File: legends/harris_school_legend.png Graphic file (type png)
<use legends/harris_school_legend.png>
Package pdftex.def Info: legends/harris_school_legend.png  used on input line 9
55.
(pdftex.def)             Requested size: 455.24408pt x 303.49057pt.

LaTeX Warning: `!h' float specifier changed to `!ht'.

<images/harris_cases_school_log.png, id=596, 1355.0625pt x 903.375pt>
File: images/harris_cases_school_log.png Graphic file (type png)
<use images/harris_cases_school_log.png>
Package pdftex.def Info: images/harris_cases_school_log.png  used on input line
 961.
(pdftex.def)             Requested size: 455.24408pt x 303.49057pt.

LaTeX Warning: `!h' float specifier changed to `!ht'.

[123

] [124 <./legends/dade_school_legend.png>] [125 <./images/dade_cases_school_log
.png>] [126 <./legends/broward_school_legend.png>] [127 <./images/broward_cases
_school_log.png>] [128 <./legends/orange_school_legend.png>] [129 <./images/ora
nge_cases_school_log.png>] [130 <./legends/los_angeles_school_legend.png>]
[131 <./images/los_angeles_cases_school_log.png>] [132 <./legends/san_bernardin
o_school_legend.png>] [133 <./images/san_bernardino_cases_school_log.png>]
[134 <./legends/san_francisco_school_legend.png>] [135 <./images/san_francisco_
cases_school_log.png>] [136 <./legends/travis_school_legend.png>] [137 <./image
s/travis_cases_school_log.png>] [138 <./legends/dallas_school_legend.png>]
[139 <./images/dallas_cases_school_log.png>] [140 <./legends/harris_school_lege
nd.png>] [141 <./images/harris_cases_school_log.png>]
File: legends/dade_school_legend.png Graphic file (type png)
<use legends/dade_school_legend.png>
Package pdftex.def Info: legends/dade_school_legend.png  used on input line 978
.
(pdftex.def)             Requested size: 455.24408pt x 303.49057pt.


LaTeX Warning: `!h' float specifier changed to `!ht'.

<images/dade_hospitalizations_school_log.png, id=675, 1355.0625pt x 903.375pt>
File: images/dade_hospitalizations_school_log.png Graphic file (type png)
<use images/dade_hospitalizations_school_log.png>
Package pdftex.def Info: images/dade_hospitalizations_school_log.png  used on i
nput line 984.
(pdftex.def)             Requested size: 455.24408pt x 303.49057pt.

LaTeX Warning: `!h' float specifier changed to `!ht'.

File: legends/broward_school_legend.png Graphic file (type png)
<use legends/broward_school_legend.png>
Package pdftex.def Info: legends/broward_school_legend.png  used on input line 
990.
(pdftex.def)             Requested size: 455.24408pt x 303.49057pt.

LaTeX Warning: `!h' float specifier changed to `!ht'.

<images/broward_hospitalizations_school_log.png, id=676, 1355.0625pt x 903.375p
t>
File: images/broward_hospitalizations_school_log.png Graphic file (type png)
<use images/broward_hospitalizations_school_log.png>
Package pdftex.def Info: images/broward_hospitalizations_school_log.png  used o
n input line 996.
(pdftex.def)             Requested size: 455.24408pt x 303.49057pt.

LaTeX Warning: `!h' float specifier changed to `!ht'.

File: legends/orange_school_legend.png Graphic file (type png)
<use legends/orange_school_legend.png>
Package pdftex.def Info: legends/orange_school_legend.png  used on input line 1
002.
(pdftex.def)             Requested size: 455.24408pt x 303.49057pt.

LaTeX Warning: `!h' float specifier changed to `!ht'.

<images/orange_hospitalizations_school_log.png, id=677, 1355.0625pt x 903.375pt
>
File: images/orange_hospitalizations_school_log.png Graphic file (type png)
<use images/orange_hospitalizations_school_log.png>
Package pdftex.def Info: images/orange_hospitalizations_school_log.png  used on
 input line 1008.
(pdftex.def)             Requested size: 455.24408pt x 303.49057pt.

LaTeX Warning: `!h' float specifier changed to `!ht'.

File: legends/los_angeles_school_legend.png Graphic file (type png)
<use legends/los_angeles_school_legend.png>
Package pdftex.def Info: legends/los_angeles_school_legend.png  used on input l
ine 1014.
(pdftex.def)             Requested size: 455.24408pt x 303.49057pt.

LaTeX Warning: `!h' float specifier changed to `!ht'.

<images/los_angeles_hospitalizations_school_log.png, id=678, 1355.0625pt x 903.
375pt>
File: images/los_angeles_hospitalizations_school_log.png Graphic file (type png
)
<use images/los_angeles_hospitalizations_school_log.png>
Package pdftex.def Info: images/los_angeles_hospitalizations_school_log.png  us
ed on input line 1020.
(pdftex.def)             Requested size: 455.24408pt x 303.49057pt.

LaTeX Warning: `!h' float specifier changed to `!ht'.

File: legends/san_bernardino_school_legend.png Graphic file (type png)
<use legends/san_bernardino_school_legend.png>
Package pdftex.def Info: legends/san_bernardino_school_legend.png  used on inpu
t line 1026.
(pdftex.def)             Requested size: 455.24408pt x 303.49057pt.

LaTeX Warning: `!h' float specifier changed to `!ht'.

<images/san_bernardino_hospitalizations_school_log.png, id=679, 1355.0625pt x 9
03.375pt>
File: images/san_bernardino_hospitalizations_school_log.png Graphic file (type 
png)
<use images/san_bernardino_hospitalizations_school_log.png>
Package pdftex.def Info: images/san_bernardino_hospitalizations_school_log.png 
 used on input line 1032.
(pdftex.def)             Requested size: 455.24408pt x 303.49057pt.

LaTeX Warning: `!h' float specifier changed to `!ht'.

File: legends/san_francisco_school_legend.png Graphic file (type png)
<use legends/san_francisco_school_legend.png>
Package pdftex.def Info: legends/san_francisco_school_legend.png  used on input
 line 1038.
(pdftex.def)             Requested size: 455.24408pt x 303.49057pt.

LaTeX Warning: `!h' float specifier changed to `!ht'.

<images/san_francisco_hospitalizations_school_log.png, id=680, 1355.0625pt x 90
3.375pt>
File: images/san_francisco_hospitalizations_school_log.png Graphic file (type p
ng)
<use images/san_francisco_hospitalizations_school_log.png>
Package pdftex.def Info: images/san_francisco_hospitalizations_school_log.png  
used on input line 1044.
(pdftex.def)             Requested size: 455.24408pt x 303.49057pt.

LaTeX Warning: `!h' float specifier changed to `!ht'.

File: legends/travis_school_legend.png Graphic file (type png)
<use legends/travis_school_legend.png>
Package pdftex.def Info: legends/travis_school_legend.png  used on input line 1
050.
(pdftex.def)             Requested size: 455.24408pt x 303.49057pt.

LaTeX Warning: `!h' float specifier changed to `!ht'.

<images/travis_hospitalizations_school_log.png, id=681, 1355.0625pt x 903.375pt
>
File: images/travis_hospitalizations_school_log.png Graphic file (type png)
<use images/travis_hospitalizations_school_log.png>
Package pdftex.def Info: images/travis_hospitalizations_school_log.png  used on
 input line 1056.
(pdftex.def)             Requested size: 455.24408pt x 303.49057pt.

LaTeX Warning: `!h' float specifier changed to `!ht'.

File: legends/dallas_school_legend.png Graphic file (type png)
<use legends/dallas_school_legend.png>
Package pdftex.def Info: legends/dallas_school_legend.png  used on input line 1
062.
(pdftex.def)             Requested size: 455.24408pt x 303.49057pt.

LaTeX Warning: `!h' float specifier changed to `!ht'.

<images/dallas_hospitalizations_school_log.png, id=682, 1355.0625pt x 903.375pt
>
File: images/dallas_hospitalizations_school_log.png Graphic file (type png)
<use images/dallas_hospitalizations_school_log.png>
Package pdftex.def Info: images/dallas_hospitalizations_school_log.png  used on
 input line 1068.
(pdftex.def)             Requested size: 455.24408pt x 303.49057pt.

LaTeX Warning: `!h' float specifier changed to `!ht'.

File: legends/harris_school_legend.png Graphic file (type png)
<use legends/harris_school_legend.png>
Package pdftex.def Info: legends/harris_school_legend.png  used on input line 1
074.
(pdftex.def)             Requested size: 455.24408pt x 303.49057pt.

LaTeX Warning: `!h' float specifier changed to `!ht'.

<images/harris_hospitalizations_school_log.png, id=683, 1355.0625pt x 903.375pt
>
File: images/harris_hospitalizations_school_log.png Graphic file (type png)
<use images/harris_hospitalizations_school_log.png>
Package pdftex.def Info: images/harris_hospitalizations_school_log.png  used on
 input line 1080.
(pdftex.def)             Requested size: 455.24408pt x 303.49057pt.

LaTeX Warning: `!h' float specifier changed to `!ht'.

[142

] [143] [144 <./images/dade_hospitalizations_school_log.png>] [145]
[146 <./images/broward_hospitalizations_school_log.png>] [147] [148 <./images/o
range_hospitalizations_school_log.png>] [149] [150 <./images/los_angeles_hospit
alizations_school_log.png>] [151] [152 <./images/san_bernardino_hospitalization
s_school_log.png>] [153] [154 <./images/san_francisco_hospitalizations_school_l
og.png>] [155] [156 <./images/travis_hospitalizations_school_log.png>] [157]
[158 <./images/dallas_hospitalizations_school_log.png>] [159] [160 <./images/ha
rris_hospitalizations_school_log.png>]
File: legends/dade_school_legend.png Graphic file (type png)
<use legends/dade_school_legend.png>
Package pdftex.def Info: legends/dade_school_legend.png  used on input line 109
5.
(pdftex.def)             Requested size: 455.24408pt x 303.49057pt.


LaTeX Warning: `!h' float specifier changed to `!ht'.

<images/dade_fatalities_school_log.png, id=754, 1355.0625pt x 903.375pt>
File: images/dade_fatalities_school_log.png Graphic file (type png)
<use images/dade_fatalities_school_log.png>
Package pdftex.def Info: images/dade_fatalities_school_log.png  used on input l
ine 1101.
(pdftex.def)             Requested size: 455.24408pt x 303.49057pt.

LaTeX Warning: `!h' float specifier changed to `!ht'.

File: legends/broward_school_legend.png Graphic file (type png)
<use legends/broward_school_legend.png>
Package pdftex.def Info: legends/broward_school_legend.png  used on input line 
1107.
(pdftex.def)             Requested size: 455.24408pt x 303.49057pt.

LaTeX Warning: `!h' float specifier changed to `!ht'.

<images/broward_fatalities_school_log.png, id=755, 1355.0625pt x 903.375pt>
File: images/broward_fatalities_school_log.png Graphic file (type png)
<use images/broward_fatalities_school_log.png>
Package pdftex.def Info: images/broward_fatalities_school_log.png  used on inpu
t line 1113.
(pdftex.def)             Requested size: 455.24408pt x 303.49057pt.

LaTeX Warning: `!h' float specifier changed to `!ht'.

File: legends/orange_school_legend.png Graphic file (type png)
<use legends/orange_school_legend.png>
Package pdftex.def Info: legends/orange_school_legend.png  used on input line 1
119.
(pdftex.def)             Requested size: 455.24408pt x 303.49057pt.

LaTeX Warning: `!h' float specifier changed to `!ht'.

<images/orange_fatalities_school_log.png, id=756, 1355.0625pt x 903.375pt>
File: images/orange_fatalities_school_log.png Graphic file (type png)
<use images/orange_fatalities_school_log.png>
Package pdftex.def Info: images/orange_fatalities_school_log.png  used on input
 line 1125.
(pdftex.def)             Requested size: 455.24408pt x 303.49057pt.

LaTeX Warning: `!h' float specifier changed to `!ht'.

File: legends/los_angeles_school_legend.png Graphic file (type png)
<use legends/los_angeles_school_legend.png>
Package pdftex.def Info: legends/los_angeles_school_legend.png  used on input l
ine 1131.
(pdftex.def)             Requested size: 455.24408pt x 303.49057pt.

LaTeX Warning: `!h' float specifier changed to `!ht'.

<images/los_angeles_fatalities_school_log.png, id=757, 1355.0625pt x 903.375pt>

File: images/los_angeles_fatalities_school_log.png Graphic file (type png)
<use images/los_angeles_fatalities_school_log.png>
Package pdftex.def Info: images/los_angeles_fatalities_school_log.png  used on 
input line 1137.
(pdftex.def)             Requested size: 455.24408pt x 303.49057pt.

LaTeX Warning: `!h' float specifier changed to `!ht'.

File: legends/san_bernardino_school_legend.png Graphic file (type png)
<use legends/san_bernardino_school_legend.png>
Package pdftex.def Info: legends/san_bernardino_school_legend.png  used on inpu
t line 1143.
(pdftex.def)             Requested size: 455.24408pt x 303.49057pt.

LaTeX Warning: `!h' float specifier changed to `!ht'.

<images/san_bernardino_fatalities_school_log.png, id=758, 1355.0625pt x 903.375
pt>
File: images/san_bernardino_fatalities_school_log.png Graphic file (type png)
<use images/san_bernardino_fatalities_school_log.png>
Package pdftex.def Info: images/san_bernardino_fatalities_school_log.png  used 
on input line 1149.
(pdftex.def)             Requested size: 455.24408pt x 303.49057pt.

LaTeX Warning: `!h' float specifier changed to `!ht'.

File: legends/san_francisco_school_legend.png Graphic file (type png)
<use legends/san_francisco_school_legend.png>
Package pdftex.def Info: legends/san_francisco_school_legend.png  used on input
 line 1155.
(pdftex.def)             Requested size: 455.24408pt x 303.49057pt.

LaTeX Warning: `!h' float specifier changed to `!ht'.

<images/san_francisco_fatalities_school_log.png, id=759, 1355.0625pt x 903.375p
t>
File: images/san_francisco_fatalities_school_log.png Graphic file (type png)
<use images/san_francisco_fatalities_school_log.png>
Package pdftex.def Info: images/san_francisco_fatalities_school_log.png  used o
n input line 1161.
(pdftex.def)             Requested size: 455.24408pt x 303.49057pt.

LaTeX Warning: `!h' float specifier changed to `!ht'.

File: legends/travis_school_legend.png Graphic file (type png)
<use legends/travis_school_legend.png>
Package pdftex.def Info: legends/travis_school_legend.png  used on input line 1
167.
(pdftex.def)             Requested size: 455.24408pt x 303.49057pt.

LaTeX Warning: `!h' float specifier changed to `!ht'.

<images/travis_fatalities_school_log.png, id=760, 1355.0625pt x 903.375pt>
File: images/travis_fatalities_school_log.png Graphic file (type png)
<use images/travis_fatalities_school_log.png>
Package pdftex.def Info: images/travis_fatalities_school_log.png  used on input
 line 1173.
(pdftex.def)             Requested size: 455.24408pt x 303.49057pt.

LaTeX Warning: `!h' float specifier changed to `!ht'.

File: legends/dallas_school_legend.png Graphic file (type png)
<use legends/dallas_school_legend.png>
Package pdftex.def Info: legends/dallas_school_legend.png  used on input line 1
179.
(pdftex.def)             Requested size: 455.24408pt x 303.49057pt.

LaTeX Warning: `!h' float specifier changed to `!ht'.

<images/dallas_fatalities_school_log.png, id=761, 1355.0625pt x 903.375pt>
File: images/dallas_fatalities_school_log.png Graphic file (type png)
<use images/dallas_fatalities_school_log.png>
Package pdftex.def Info: images/dallas_fatalities_school_log.png  used on input
 line 1185.
(pdftex.def)             Requested size: 455.24408pt x 303.49057pt.

LaTeX Warning: `!h' float specifier changed to `!ht'.

File: legends/harris_school_legend.png Graphic file (type png)
<use legends/harris_school_legend.png>
Package pdftex.def Info: legends/harris_school_legend.png  used on input line 1
191.
(pdftex.def)             Requested size: 455.24408pt x 303.49057pt.

LaTeX Warning: `!h' float specifier changed to `!ht'.

<images/harris_fatalities_school_log.png, id=762, 1355.0625pt x 903.375pt>
File: images/harris_fatalities_school_log.png Graphic file (type png)
<use images/harris_fatalities_school_log.png>
Package pdftex.def Info: images/harris_fatalities_school_log.png  used on input
 line 1197.
(pdftex.def)             Requested size: 455.24408pt x 303.49057pt.

LaTeX Warning: `!h' float specifier changed to `!ht'.

[161

] [162] [163 <./images/dade_fatalities_school_log.png>] [164] [165 <./images/br
oward_fatalities_school_log.png>] [166] [167 <./images/orange_fatalities_school
_log.png>] [168] [169 <./images/los_angeles_fatalities_school_log.png>]
[170] [171 <./images/san_bernardino_fatalities_school_log.png>] [172] [173 <./i
mages/san_francisco_fatalities_school_log.png>] [174] [175 <./images/travis_fat
alities_school_log.png>] [176] [177 <./images/dallas_fatalities_school_log.png>
] [178] [179 <./images/harris_fatalities_school_log.png>] [180

]
(./paper_draft.aux)

LaTeX Warning: There were multiply-defined labels.

 ) 
Here is how much of TeX's memory you used:
 3420 strings out of 480608
 80136 string characters out of 5903631
 285641 words of memory out of 5000000
 19188 multiletter control sequences out of 15000+600000
 546857 words of font info for 48 fonts, out of 8000000 for 9000
 1141 hyphenation exceptions out of 8191
 41i,8n,42p,1115b,271s stack positions out of 5000i,500n,10000p,200000b,80000s
{/usr/local/texlive/2020/texmf-dist/fonts/enc/dvips/base/8r.enc}</usr/local/t
exlive/2020/texmf-dist/fonts/type1/public/amsfonts/cm/cmmi10.pfb></usr/local/te
xlive/2020/texmf-dist/fonts/type1/public/amsfonts/cm/cmr7.pfb></usr/local/texli
ve/2020/texmf-dist/fonts/type1/public/amsfonts/cm/cmr8.pfb></usr/local/texlive/
2020/texmf-dist/fonts/type1/public/amsfonts/cm/cmsy7.pfb></usr/local/texlive/20
20/texmf-dist/fonts/type1/public/amsfonts/cm/cmsy8.pfb></usr/local/texlive/2020
/texmf-dist/fonts/type1/urw/times/utmb8a.pfb></usr/local/texlive/2020/texmf-dis
t/fonts/type1/urw/times/utmr8a.pfb></usr/local/texlive/2020/texmf-dist/fonts/ty
pe1/urw/times/utmri8a.pfb>
Output written on paper_draft.pdf (180 pages, 2964355 bytes).
PDF statistics:
 869 PDF objects out of 1000 (max. 8388607)
 422 compressed objects within 5 object streams
 0 named destinations out of 1000 (max. 500000)
 631 words of extra memory for PDF output out of 10000 (max. 10000000)

