This is pdfTeX, Version 3.14159265-2.6-1.40.20 (MiKTeX 2.9.7250 64-bit) (preloaded format=pdflatex 2020.8.17)  28 JAN 2021 07:03
entering extended mode
**./2020_SU_Project.tex
(2020_SU_Project.tex
LaTeX2e <2019-10-01> patch level 3
("C:\Users\laure\AppData\Local\Programs\MiKTeX 2.9\tex/latex/base\article.cls"
Document Class: article 2019/10/25 v1.4k Standard LaTeX document class
("C:\Users\laure\AppData\Local\Programs\MiKTeX 2.9\tex/latex/base\size12.clo"
File: size12.clo 2019/10/25 v1.4k Standard LaTeX file (size option)
)
\c@part=\count80
\c@section=\count81
\c@subsection=\count82
\c@subsubsection=\count83
\c@paragraph=\count84
\c@subparagraph=\count85
\c@figure=\count86
\c@table=\count87
\abovecaptionskip=\skip41
\belowcaptionskip=\skip42
\bibindent=\dimen102
)
("C:\Users\laure\AppData\Local\Programs\MiKTeX 2.9\tex/latex/graphics\graphicx.
sty"
Package: graphicx 2017/06/01 v1.1a Enhanced LaTeX Graphics (DPC,SPQR)

("C:\Users\laure\AppData\Local\Programs\MiKTeX 2.9\tex/latex/graphics\keyval.st
y"
Package: keyval 2014/10/28 v1.15 key=value parser (DPC)
\KV@toks@=\toks14
)
("C:\Users\laure\AppData\Local\Programs\MiKTeX 2.9\tex/latex/graphics\graphics.
sty"
Package: graphics 2019/11/01 v1.3d Standard LaTeX Graphics (DPC,SPQR)

("C:\Users\laure\AppData\Local\Programs\MiKTeX 2.9\tex/latex/graphics\trig.sty"
Package: trig 2016/01/03 v1.10 sin cos tan (DPC)
)
("C:\Users\laure\AppData\Local\Programs\MiKTeX 2.9\tex/latex/graphics-cfg\graph
ics.cfg"
File: graphics.cfg 2016/06/04 v1.11 sample graphics configuration
)
Package graphics Info: Driver file: pdftex.def on input line 105.

("C:\Users\laure\AppData\Local\Programs\MiKTeX 2.9\tex/latex/graphics-def\pdfte
x.def"
File: pdftex.def 2018/01/08 v1.0l Graphics/color driver for pdftex
))
\Gin@req@height=\dimen103
\Gin@req@width=\dimen104
)
("C:\Users\laure\AppData\Local\Programs\MiKTeX 2.9\tex/latex/caption\caption.st
y"
Package: caption 2020/10/26 v3.5g Customizing captions (AR)

("C:\Users\laure\AppData\Local\Programs\MiKTeX 2.9\tex/latex/caption\caption3.s
ty"
Package: caption3 2020/10/21 v2.2e caption3 kernel (AR)
\captionmargin=\dimen105
\captionmargin@=\dimen106
\captionwidth=\dimen107
\caption@tempdima=\dimen108
\caption@indent=\dimen109
\caption@parindent=\dimen110
\caption@hangindent=\dimen111
Package caption Info: Standard document class detected.
)
\c@caption@flags=\count88
\c@continuedfloat=\count89
)
("C:\Users\laure\AppData\Local\Programs\MiKTeX 2.9\tex/latex/placeins\placeins.
sty"
Package: placeins 2005/04/18  v 2.2
)
("C:\Users\laure\AppData\Local\Programs\MiKTeX 2.9\tex/latex/pdfpages\pdfpages.
sty"
Package: pdfpages 2021/01/09 v0.5r Insert pages of external PDF documents (AM)

("C:\Users\laure\AppData\Local\Programs\MiKTeX 2.9\tex/latex/base\ifthen.sty"
Package: ifthen 2014/09/29 v1.1c Standard LaTeX ifthen package (DPC)
)
("C:\Users\laure\AppData\Local\Programs\MiKTeX 2.9\tex/latex/tools\calc.sty"
Package: calc 2017/05/25 v4.3 Infix arithmetic (KKT,FJ)
\calc@Acount=\count90
\calc@Bcount=\count91
\calc@Adimen=\dimen112
\calc@Bdimen=\dimen113
\calc@Askip=\skip43
\calc@Bskip=\skip44
LaTeX Info: Redefining \setlength on input line 80.
LaTeX Info: Redefining \addtolength on input line 81.
\calc@Ccount=\count92
\calc@Cskip=\skip45
)
("C:\Users\laure\AppData\Local\Programs\MiKTeX 2.9\tex/latex/eso-pic\eso-pic.st
y"

LaTeX Warning: You have requested release `2020-10-01' of LaTeX,
               but only release `2019-10-01' is available.

Package: eso-pic 2020/10/14 v3.0a eso-pic (RN)
\ESO@tempdima=\dimen114
\ESO@tempdimb=\dimen115
! Undefined control sequence.
<argument> \nointerlineskip \AddToHook 
                                       {shipout/background}{\put (0,\ESO@yof...
l.188 }
       %
The control sequence at the end of the top line
of your error message was never \def'ed. If you have
misspelled it (e.g., `\hobx'), type `I' and the correct
spelling (e.g., `I\hbox'). Otherwise just continue,
and I'll forget about whatever was undefined.


! LaTeX Error: Missing \begin{document}.

See the LaTeX manual or LaTeX Companion for explanation.
Type  H <return>  for immediate help.
 ...                                              
                                                  
l.188 }
       %
You're in trouble here.  Try typing  <return>  to proceed.
If that doesn't work, type  X <return>  to quit.

! Undefined control sequence.
<argument> \ESO@yoffsetI 
                         
l.188 }
       %
The control sequence at the end of the top line
of your error message was never \def'ed. If you have
misspelled it (e.g., `\hobx'), type `I' and the correct
spelling (e.g., `I\hbox'). Otherwise just continue,
and I'll forget about whatever was undefined.

! Undefined control sequence.
<argument> ... \ESO@HookIIBG \@empty }}\AddToHook 
                                                  {shipout/foreground}{\put ...
l.188 }
       %
The control sequence at the end of the top line
of your error message was never \def'ed. If you have
misspelled it (e.g., `\hobx'), type `I' and the correct
spelling (e.g., `I\hbox'). Otherwise just continue,
and I'll forget about whatever was undefined.

! Undefined control sequence.
<argument> \ESO@yoffsetI 
                         
l.188 }
       %
The control sequence at the end of the top line
of your error message was never \def'ed. If you have
misspelled it (e.g., `\hobx'), type `I' and the correct
spelling (e.g., `I\hbox'). Otherwise just continue,
and I'll forget about whatever was undefined.

("C:\Users\laure\AppData\Local\Programs\MiKTeX 2.9\tex/latex/xcolor\xcolor.sty"
Package: xcolor 2016/05/11 v2.12 LaTeX color extensions (UK)

("C:\Users\laure\AppData\Local\Programs\MiKTeX 2.9\tex/latex/graphics-cfg\color
.cfg"
Overfull \hbox (130.71542pt too wide) in paragraph at lines 188--2
[]\OT1/cmr/m/n/12 shipout/background[]shipout/foreground[]                     
                                                                               
                
 []

File: color.cfg 2016/01/02 v1.6 sample color configuration
)
Package xcolor Info: Driver file: pdftex.def on input line 225.
Package xcolor Info: Model `cmy' substituted by `cmy0' on input line 1348.
Package xcolor Info: Model `hsb' substituted by `rgb' on input line 1352.
Package xcolor Info: Model `RGB' extended on input line 1364.
Package xcolor Info: Model `HTML' substituted by `rgb' on input line 1366.
Package xcolor Info: Model `Hsb' substituted by `hsb' on input line 1367.
Package xcolor Info: Model `tHsb' substituted by `hsb' on input line 1368.
Package xcolor Info: Model `HSB' substituted by `hsb' on input line 1369.
Package xcolor Info: Model `Gray' substituted by `gray' on input line 1370.
Package xcolor Info: Model `wave' substituted by `hsb' on input line 1371.
))
\AM@pagewidth=\dimen116
\AM@pageheight=\dimen117

("C:\Users\laure\AppData\Local\Programs\MiKTeX 2.9\tex/latex/pdfpages\pppdftex.
def"
File: pppdftex.def 2021/01/09 v0.5r Pdfpages driver for pdfTeX (AM)
)
\pdfpages@includegraphics@status=\count93
\AM@pagebox=\box27
\AM@global@opts=\toks15
\AM@pagecnt=\count94
\AM@toc@title=\toks16
\c@AM@survey=\count95
\AM@templatesizebox=\box28
)
("C:\Users\laure\AppData\Local\Programs\MiKTeX 2.9\tex/latex/subfigure\subfigur
e.sty"
Package: subfigure 2002/07/30 v2.1.4 subfigure package
\subfigtopskip=\skip46
\subfigcapskip=\skip47
\subfigcaptopadj=\dimen118
\subfigbottomskip=\skip48
\subfigcapmargin=\dimen119
\subfiglabelskip=\skip49
\c@subfigure=\count96
\c@lofdepth=\count97
\c@subtable=\count98
\c@lotdepth=\count99

****************************************
* Local config file subfigure.cfg used *
****************************************

("C:\Users\laure\AppData\Local\Programs\MiKTeX 2.9\tex/latex/subfigure\subfigur
e.cfg")
\subfig@top=\skip50
\subfig@bottom=\skip51
) (2020_SU_Project.aux

LaTeX Warning: Label `fig:legends/CaliforniaLegendLabel' multiply defined.

)
\openout1 = `2020_SU_Project.aux'.

LaTeX Font Info:    Checking defaults for OML/cmm/m/it on input line 17.
LaTeX Font Info:    ... okay on input line 17.
LaTeX Font Info:    Checking defaults for T1/cmr/m/n on input line 17.
LaTeX Font Info:    ... okay on input line 17.
LaTeX Font Info:    Checking defaults for OT1/cmr/m/n on input line 17.
LaTeX Font Info:    ... okay on input line 17.
LaTeX Font Info:    Checking defaults for OMS/cmsy/m/n on input line 17.
LaTeX Font Info:    ... okay on input line 17.
LaTeX Font Info:    Checking defaults for OMX/cmex/m/n on input line 17.
LaTeX Font Info:    ... okay on input line 17.
LaTeX Font Info:    Checking defaults for U/cmr/m/n on input line 17.
LaTeX Font Info:    ... okay on input line 17.

("C:\Users\laure\AppData\Local\Programs\MiKTeX 2.9\tex/context/base/mkii\supp-p
df.mkii"
[Loading MPS to PDF converter (version 2006.09.02).]
\scratchcounter=\count100
\scratchdimen=\dimen120
\scratchbox=\box29
\nofMPsegments=\count101
\nofMParguments=\count102
\everyMPshowfont=\toks17
\MPscratchCnt=\count103
\MPscratchDim=\dimen121
\MPnumerator=\count104
\makeMPintoPDFobject=\count105
\everyMPtoPDFconversion=\toks18
)
("C:\Users\laure\AppData\Local\Programs\MiKTeX 2.9\tex/latex/epstopdf-pkg\epsto
pdf-base.sty"
Package: epstopdf-base 2019-12-09 v2.10 Base part for package epstopdf
Package epstopdf-base Info: Redefining graphics rule for `.eps' on input line 4
85.
)
Package caption Info: Begin \AtBeginDocument code.
Package caption Info: subfigure package is loaded.
Package caption Info: End \AtBeginDocument code.

("C:\Users\laure\AppData\Local\Programs\MiKTeX 2.9\tex/latex/pdflscape\pdflscap
e.sty"
Package: pdflscape 2019/12/05 v0.12 Display of landscape pages in PDF (HO)

("C:\Users\laure\AppData\Local\Programs\MiKTeX 2.9\tex/generic/iftex\iftex.sty"
Package: iftex 2019/11/07 v1.0c TeX engine tests
)
("C:\Users\laure\AppData\Local\Programs\MiKTeX 2.9\tex/latex/graphics\lscape.st
y"
Package: lscape 2000/10/22 v3.01 Landscape Pages (DPC)
)
Package pdflscape Info: Auto-detected driver: pdftex on input line 81.
)
<legends/san_bernardino_mask_order_legend.png, id=1, 562.1pt x 421.575pt>
File: legends/san_bernardino_mask_order_legend.png Graphic file (type png)
<use legends/san_bernardino_mask_order_legend.png>
Package pdftex.def Info: legends/san_bernardino_mask_order_legend.png  used on 
input line 23.
(pdftex.def)             Requested size: 455.24408pt x 341.43527pt.
<images/san_bernardino_mask_order.png, id=2, 562.1pt x 421.575pt>
File: images/san_bernardino_mask_order.png Graphic file (type png)
<use images/san_bernardino_mask_order.png>
Package pdftex.def Info: images/san_bernardino_mask_order.png  used on input li
ne 29.
(pdftex.def)             Requested size: 455.24408pt x 341.43527pt.


LaTeX Warning: `!h' float specifier changed to `!ht'.

[1

{C:/Users/laure/AppData/Local/MiKTeX/2.9/pdftex/config/pdftex.map} <./legends/s
an_bernardino_mask_order_legend.png>]
<legends/san_francisco_mask_order_legend.png, id=10, 562.1pt x 421.575pt>
File: legends/san_francisco_mask_order_legend.png Graphic file (type png)
<use legends/san_francisco_mask_order_legend.png>
Package pdftex.def Info: legends/san_francisco_mask_order_legend.png  used on i
nput line 39.
(pdftex.def)             Requested size: 455.24408pt x 341.43527pt.


LaTeX Warning: `!h' float specifier changed to `!ht'.

<images/san_francisco_mask_order.png, id=11, 562.1pt x 421.575pt>
File: images/san_francisco_mask_order.png Graphic file (type png)
<use images/san_francisco_mask_order.png>
Package pdftex.def Info: images/san_francisco_mask_order.png  used on input lin
e 45.
(pdftex.def)             Requested size: 455.24408pt x 341.43527pt.

LaTeX Warning: `!h' float specifier changed to `!ht'.

[2 <./images/san_bernardino_mask_order.png>] [3 <./legends/san_francisco_mask_o
rder_legend.png>] [4 <./images/san_francisco_mask_order.png>]
<legends/los_angeles_mask_order_legend.png, id=24, 562.1pt x 421.575pt>
File: legends/los_angeles_mask_order_legend.png Graphic file (type png)
<use legends/los_angeles_mask_order_legend.png>
Package pdftex.def Info: legends/los_angeles_mask_order_legend.png  used on inp
ut line 55.
(pdftex.def)             Requested size: 455.24408pt x 341.43527pt.
<images/los_angeles_mask_order.png, id=25, 562.1pt x 421.575pt>
File: images/los_angeles_mask_order.png Graphic file (type png)
<use images/los_angeles_mask_order.png>
Package pdftex.def Info: images/los_angeles_mask_order.png  used on input line 
61.
(pdftex.def)             Requested size: 455.24408pt x 341.43527pt.


LaTeX Warning: `!h' float specifier changed to `!ht'.

[5

 <./legends/los_angeles_mask_order_legend.png>]
<legends/orange_mask_order_legend.png, id=30, 562.1pt x 421.575pt>
File: legends/orange_mask_order_legend.png Graphic file (type png)
<use legends/orange_mask_order_legend.png>
Package pdftex.def Info: legends/orange_mask_order_legend.png  used on input li
ne 71.
(pdftex.def)             Requested size: 455.24408pt x 341.43527pt.


LaTeX Warning: `!h' float specifier changed to `!ht'.

<images/orange_mask_order.png, id=31, 562.1pt x 421.575pt>
File: images/orange_mask_order.png Graphic file (type png)
<use images/orange_mask_order.png>
Package pdftex.def Info: images/orange_mask_order.png  used on input line 77.
(pdftex.def)             Requested size: 455.24408pt x 341.43527pt.

LaTeX Warning: `!h' float specifier changed to `!ht'.

[6 <./images/los_angeles_mask_order.png>] [7 <./legends/orange_mask_order_legen
d.png>] [8 <./images/orange_mask_order.png>]
<legends/dade_mask_order_legend.png, id=45, 562.1pt x 421.575pt>
File: legends/dade_mask_order_legend.png Graphic file (type png)
<use legends/dade_mask_order_legend.png>
Package pdftex.def Info: legends/dade_mask_order_legend.png  used on input line
 87.
(pdftex.def)             Requested size: 455.24408pt x 341.43527pt.
<images/dade_mask_order.png, id=46, 562.1pt x 421.575pt>
File: images/dade_mask_order.png Graphic file (type png)
<use images/dade_mask_order.png>
Package pdftex.def Info: images/dade_mask_order.png  used on input line 93.
(pdftex.def)             Requested size: 455.24408pt x 341.43527pt.


LaTeX Warning: `!h' float specifier changed to `!ht'.

[9

 <./legends/dade_mask_order_legend.png>]
<legends/broward_mask_order_legend.png, id=51, 562.1pt x 421.575pt>
File: legends/broward_mask_order_legend.png Graphic file (type png)
<use legends/broward_mask_order_legend.png>
Package pdftex.def Info: legends/broward_mask_order_legend.png  used on input l
ine 103.
(pdftex.def)             Requested size: 455.24408pt x 341.43527pt.


LaTeX Warning: `!h' float specifier changed to `!ht'.

<images/broward_mask_order.png, id=52, 562.1pt x 421.575pt>
File: images/broward_mask_order.png Graphic file (type png)
<use images/broward_mask_order.png>
Package pdftex.def Info: images/broward_mask_order.png  used on input line 109.

(pdftex.def)             Requested size: 455.24408pt x 341.43527pt.

LaTeX Warning: `!h' float specifier changed to `!ht'.

[10 <./images/dade_mask_order.png>] [11 <./legends/broward_mask_order_legend.pn
g>] [12 <./images/broward_mask_order.png>]
<legends/TreatmentLegend.png, id=65, 562.1pt x 421.575pt>
File: legends/TreatmentLegend.png Graphic file (type png)
<use legends/TreatmentLegend.png>
Package pdftex.def Info: legends/TreatmentLegend.png  used on input line 122.
(pdftex.def)             Requested size: 455.24408pt x 341.43527pt.
<images/broward_hospitalization_fatalities_ratio-0lag.png, id=66, 562.1pt x 421
.575pt>
File: images/broward_hospitalization_fatalities_ratio-0lag.png Graphic file (ty
pe png)
<use images/broward_hospitalization_fatalities_ratio-0lag.png>
Package pdftex.def Info: images/broward_hospitalization_fatalities_ratio-0lag.p
ng  used on input line 128.
(pdftex.def)             Requested size: 455.24408pt x 341.43527pt.


LaTeX Warning: `!h' float specifier changed to `!ht'.

[13

 <./legends/TreatmentLegend.png>]
<legends/CaliforniaLegend.png, id=72, 562.1pt x 421.575pt>
File: legends/CaliforniaLegend.png Graphic file (type png)
<use legends/CaliforniaLegend.png>
Package pdftex.def Info: legends/CaliforniaLegend.png  used on input line 142.
(pdftex.def)             Requested size: 455.24408pt x 341.43527pt.


LaTeX Warning: `!h' float specifier changed to `!ht'.

<images/san_bernardino_cases_fatalities_line-1lag.png, id=73, 562.1pt x 421.575
pt>
File: images/san_bernardino_cases_fatalities_line-1lag.png Graphic file (type p
ng)
<use images/san_bernardino_cases_fatalities_line-1lag.png>
Package pdftex.def Info: images/san_bernardino_cases_fatalities_line-1lag.png  
used on input line 148.
(pdftex.def)             Requested size: 455.24408pt x 341.43527pt.

LaTeX Warning: `!h' float specifier changed to `!ht'.

<images/san_bernardino_cases_fatalities_scatter-0lag.png, id=74, 562.1pt x 421.
575pt>
File: images/san_bernardino_cases_fatalities_scatter-0lag.png Graphic file (typ
e png)
<use images/san_bernardino_cases_fatalities_scatter-0lag.png>
Package pdftex.def Info: images/san_bernardino_cases_fatalities_scatter-0lag.pn
g  used on input line 154.
(pdftex.def)             Requested size: 455.24408pt x 341.43527pt.

LaTeX Warning: `!h' float specifier changed to `!ht'.

<images/san_bernardino_cases_fatalities_line-30lag.png, id=75, 562.1pt x 421.57
5pt>
File: images/san_bernardino_cases_fatalities_line-30lag.png Graphic file (type 
png)
<use images/san_bernardino_cases_fatalities_line-30lag.png>
Package pdftex.def Info: images/san_bernardino_cases_fatalities_line-30lag.png 
 used on input line 160.
(pdftex.def)             Requested size: 455.24408pt x 341.43527pt.

LaTeX Warning: `!h' float specifier changed to `!ht'.

<images/san_bernardino_cases_fatalities_scatter-30lag.png, id=76, 562.1pt x 421
.575pt>
File: images/san_bernardino_cases_fatalities_scatter-30lag.png Graphic file (ty
pe png)
<use images/san_bernardino_cases_fatalities_scatter-30lag.png>
Package pdftex.def Info: images/san_bernardino_cases_fatalities_scatter-30lag.p
ng  used on input line 166.
(pdftex.def)             Requested size: 455.24408pt x 341.43527pt.

LaTeX Warning: `!h' float specifier changed to `!ht'.

<images/san_bernardino_hospitalizations_fatalities_line-27lag.png, id=77, 562.1
pt x 421.575pt>
File: images/san_bernardino_hospitalizations_fatalities_line-27lag.png Graphic 
file (type png)
<use images/san_bernardino_hospitalizations_fatalities_line-27lag.png>
Package pdftex.def Info: images/san_bernardino_hospitalizations_fatalities_line
-27lag.png  used on input line 173.
(pdftex.def)             Requested size: 455.24408pt x 341.43527pt.

LaTeX Warning: `!h' float specifier changed to `!ht'.

<images/san_bernardino_hospitalizations_fatalities_scatter-27lag.png, id=78, 56
2.1pt x 421.575pt>
File: images/san_bernardino_hospitalizations_fatalities_scatter-27lag.png Graph
ic file (type png)
<use images/san_bernardino_hospitalizations_fatalities_scatter-27lag.png>
Package pdftex.def Info: images/san_bernardino_hospitalizations_fatalities_scat
ter-27lag.png  used on input line 180.
(pdftex.def)             Requested size: 455.24408pt x 341.43527pt.

LaTeX Warning: `!h' float specifier changed to `!ht'.

<images/san_bernardino_cases_hospitalizations_line-7lag.png, id=79, 562.1pt x 4
21.575pt>
File: images/san_bernardino_cases_hospitalizations_line-7lag.png Graphic file (
type png)
<use images/san_bernardino_cases_hospitalizations_line-7lag.png>
Package pdftex.def Info: images/san_bernardino_cases_hospitalizations_line-7lag
.png  used on input line 186.
(pdftex.def)             Requested size: 455.24408pt x 341.43527pt.

LaTeX Warning: `!h' float specifier changed to `!ht'.

<images/san_bernardino_cases_hospitalizations_scatter-7lag.png, id=80, 562.1pt 
x 421.575pt>
File: images/san_bernardino_cases_hospitalizations_scatter-7lag.png Graphic fil
e (type png)
<use images/san_bernardino_cases_hospitalizations_scatter-7lag.png>
Package pdftex.def Info: images/san_bernardino_cases_hospitalizations_scatter-7
lag.png  used on input line 192.
(pdftex.def)             Requested size: 455.24408pt x 341.43527pt.

LaTeX Warning: `!h' float specifier changed to `!ht'.

[14 <./images/broward_hospitalization_fatalities_ratio-0lag.png>] [15 <./legend
s/CaliforniaLegend.png>] [16 <./images/san_bernardino_cases_fatalities_line-1la
g.png>] [17 <./images/san_bernardino_cases_fatalities_scatter-0lag.png>]
[18 <./images/san_bernardino_cases_fatalities_line-30lag.png>] [19 <./images/sa
n_bernardino_cases_fatalities_scatter-30lag.png>] [20 <./images/san_bernardino_
hospitalizations_fatalities_line-27lag.png>] [21 <./images/san_bernardino_hospi
talizations_fatalities_scatter-27lag.png>] [22 <./images/san_bernardino_cases_h
ospitalizations_line-7lag.png>] [23 <./images/san_bernardino_cases_hospitalizat
ions_scatter-7lag.png>]
File: legends/CaliforniaLegend.png Graphic file (type png)
<use legends/CaliforniaLegend.png>
Package pdftex.def Info: legends/CaliforniaLegend.png  used on input line 202.
(pdftex.def)             Requested size: 455.24408pt x 341.43527pt.
<images/san_francisco_cases_hospitalizations_line-20lag.png, id=122, 562.1pt x 
421.575pt>
File: images/san_francisco_cases_hospitalizations_line-20lag.png Graphic file (
type png)
<use images/san_francisco_cases_hospitalizations_line-20lag.png>
Package pdftex.def Info: images/san_francisco_cases_hospitalizations_line-20lag
.png  used on input line 208.
(pdftex.def)             Requested size: 455.24408pt x 341.43527pt.


LaTeX Warning: `!h' float specifier changed to `!ht'.

<images/san_francisco_cases_hospitalizations_scatter-20lag.png, id=123, 562.1pt
 x 421.575pt>
File: images/san_francisco_cases_hospitalizations_scatter-20lag.png Graphic fil
e (type png)
<use images/san_francisco_cases_hospitalizations_scatter-20lag.png>
Package pdftex.def Info: images/san_francisco_cases_hospitalizations_scatter-20
lag.png  used on input line 214.
(pdftex.def)             Requested size: 455.24408pt x 341.43527pt.

LaTeX Warning: `!h' float specifier changed to `!ht'.

<images/san_francisco_hospitalizations_fatalities_line-4lag.png, id=124, 562.1p
t x 421.575pt>
File: images/san_francisco_hospitalizations_fatalities_line-4lag.png Graphic fi
le (type png)
<use images/san_francisco_hospitalizations_fatalities_line-4lag.png>
Package pdftex.def Info: images/san_francisco_hospitalizations_fatalities_line-
4lag.png  used on input line 221.
(pdftex.def)             Requested size: 455.24408pt x 341.43527pt.

LaTeX Warning: `!h' float specifier changed to `!ht'.

[24

] [25 <./images/san_francisco_cases_hospitalizations_line-20lag.png>]
[26 <./images/san_francisco_cases_hospitalizations_scatter-20lag.png>] [27 <./i
mages/san_francisco_hospitalizations_fatalities_line-4lag.png>]
(2020_SU_Project.aux)

LaTeX Warning: There were multiply-defined labels.

 ) 
Here is how much of TeX's memory you used:
 3881 strings out of 492483
 67512 string characters out of 3121589
 124808 words of memory out of 3000000
 8197 multiletter control sequences out of 15000+200000
 5149 words of font info for 19 fonts, out of 3000000 for 9000
 1141 hyphenation exceptions out of 8191
 40i,6n,45p,252b,279s stack positions out of 5000i,500n,10000p,200000b,50000s
<C:/Users/laure/AppData/Local/Programs/MiKTeX 2.9/fonts/type1/public/amsfonts
/cm/cmbx12.pfb><C:/Users/laure/AppData/Local/Programs/MiKTeX 2.9/fonts/type1/pu
blic/amsfonts/cm/cmr12.pfb>
Output written on 2020_SU_Project.pdf (27 pages, 328765 bytes).
PDF statistics:
 149 PDF objects out of 1000 (max. 8388607)
 0 named destinations out of 1000 (max. 500000)
 131 words of extra memory for PDF output out of 10000 (max. 10000000)

